#
# A fatal error has been detected by the Java Runtime Environment:
#
#  SIGSEGV (0xb) at pc=0x00007f6ef5e60df7, pid=10487, tid=140114809366272
#
# JRE version: 6.0_20-b20
# Java VM: OpenJDK 64-Bit Server VM (19.0-b09 mixed mode linux-amd64 compressed oops)
# Derivative: IcedTea6 1.9.7
# Distribution: Ubuntu 10.04.1 LTS, package 6b20-1.9.7-0ubuntu1~10.04.1
# Problematic frame:
# C  [i965_dri.so+0x7edf7]
#
# If you would like to submit a bug report, please include
# instructions how to reproduce the bug and visit:
#   https://bugs.launchpad.net/ubuntu/+source/openjdk-6/
# The crash happened outside the Java Virtual Machine in native code.
# See problematic frame for where to report the bug.
#

---------------  T H R E A D  ---------------

Current thread (0x0000000001e98000):  JavaThread "main" [_thread_in_native, id=10488, stack(0x00007f6f0560a000,0x00007f6f0570b000)]

siginfo:si_signo=SIGSEGV: si_errno=0, si_code=1 (SEGV_MAPERR), si_addr=0x00000000000000b8

Registers:
RAX=0x0000000000000000, RBX=0x0000000002d372f0, RCX=0x0000000000000000, RDX=0x00007f6ef80b1dc0
RSP=0x00007f6f05708880, RBP=0x00007f6ef62b7408, RSI=0x0000000000000001, RDI=0x0000000000000000
R8 =0x00007f6ef81ff900, R9 =0x0000000000000001, R10=0x0000000000000000, R11=0x0000000000000000
R12=0x00007f6ef62b7520, R13=0x00007f6ef62b93c0, R14=0x0000000000000006, R15=0x0000000000000014
RIP=0x00007f6ef5e60df7, EFL=0x0000000000010246, CSGSFS=0x0000000000000033, ERR=0x0000000000000004
  TRAPNO=0x000000000000000e

Register to memory mapping:

RAX=0x0000000000000000
0x0000000000000000 is pointing to unknown location

RBX=0x0000000002d372f0
0x0000000002d372f0 is pointing to unknown location

RCX=0x0000000000000000
0x0000000000000000 is pointing to unknown location

RDX=0x00007f6ef80b1dc0
0x00007f6ef80b1dc0 is pointing to unknown location

RSP=0x00007f6f05708880
0x00007f6f05708880 is pointing into the stack for thread: 0x0000000001e98000
"main" prio=10 tid=0x0000000001e98000 nid=0x28f8 runnable [0x00007f6f05708000]
   java.lang.Thread.State: RUNNABLE

RBP=0x00007f6ef62b7408
0x00007f6ef62b7408: atoms+0x8 in /usr/lib/dri/i965_dri.so at 0x00007f6ef5de2000

RSI=0x0000000000000001
0x0000000000000001 is pointing to unknown location

RDI=0x0000000000000000
0x0000000000000000 is pointing to unknown location

R8 =0x00007f6ef81ff900
0x00007f6ef81ff900 is pointing to unknown location

R9 =0x0000000000000001
0x0000000000000001 is pointing to unknown location

R10=0x0000000000000000
0x0000000000000000 is pointing to unknown location

R11=0x0000000000000000
0x0000000000000000 is pointing to unknown location

R12=0x00007f6ef62b7520
0x00007f6ef62b7520: <offset 0x4d5520> in /usr/lib/dri/i965_dri.so at 0x00007f6ef5de2000

R13=0x00007f6ef62b93c0
0x00007f6ef62b93c0: INTEL_DEBUG+0 in /usr/lib/dri/i965_dri.so at 0x00007f6ef5de2000

R14=0x0000000000000006
0x0000000000000006 is pointing to unknown location

R15=0x0000000000000014
0x0000000000000014 is pointing to unknown location


Top of Stack: (sp=0x00007f6f05708880)
0x00007f6f05708880:   0000000002d372f0 00007f6ef5e687ce
0x00007f6f05708890:   0000000002d372f0 00007f6ef9afa830
0x00007f6f057088a0:   0000000000000000 00007f6ef5e5b2a5
0x00007f6f057088b0:   0000000000000002 0000000000000004
0x00007f6f057088c0:   00007f6ef9d44230 00007f6ef5ececa0
0x00007f6f057088d0:   0000000002d42918 00007f6ef5f0bed8
0x00007f6f057088e0:   0000000002d4d520 0000000002d51c88
0x00007f6f057088f0:   00007f6ef9afa830 00007f6f05708910
0x00007f6f05708900:   0000000000000000 0000000002d372f0
0x00007f6f05708910:   00000000000000c2 00007f6ef5ee3605
0x00007f6f05708920:   0000000001e989d0 0000000002d372f0
0x00007f6f05708930:   0000000002d372f0 00007f6ef932b6a8
0x00007f6f05708940:   0000000002d372f0 0000000000000000
0x00007f6f05708950:   0000000002d4e320 0000000002d4ed58
0x00007f6f05708960:   0000000000004398 00007f6ef5f183d7
0x00007f6f05708970:   00007f6f00000000 0000000000000284
0x00007f6f05708980:   00007f6f057089b0 0000000002d4e390
0x00007f6f05708990:   0000000000000002 00007f6f00000002
0x00007f6f057089a0:   0000000501e98000 0000000002d4e320
0x00007f6f057089b0:   0000000000030003 0000000000000000
0x00007f6f057089c0:   0000000000000000 0000000000000000
0x00007f6f057089d0:   0000000000000000 0000000000000000
0x00007f6f057089e0:   00007f6f05708b70 afa7f929b5b56b00
0x00007f6f057089f0:   00007f6f05708b80 00007f6ef932b6a0
0x00007f6f05708a00:   0000000002d372f0 0000000000000000
0x00007f6f05708a10:   00007f6ef62b95c0 00007f6ef6023f1c
0x00007f6f05708a20:   00007f6f05708ac0 00007f6ef5e9a692
0x00007f6f05708a30:   0000000001e989b8 0000000001e989d0
0x00007f6f05708a40:   0000000001e95a10 0000000001e98540
0x00007f6f05708a50:   0000000001e98550 0000000001e98928
0x00007f6f05708a60:   0000000001e989c8 0000000001e98928
0x00007f6f05708a70:   0000000001e989c8 00007f6f044c35a9 

Instructions: (pc=0x00007f6ef5e60df7)
0x00007f6ef5e60de7:   48 85 c0 74 0b 81 78 30 78 56 34 12 48 0f 45 c7
0x00007f6ef5e60df7:   48 8b 80 b8 00 00 00 48 85 c0 74 11 44 8b 40 38 

Stack: [0x00007f6f0560a000,0x00007f6f0570b000],  sp=0x00007f6f05708880,  free space=1018k
Native frames: (J=compiled Java code, j=interpreted, Vv=VM code, C=native code)
C  [i965_dri.so+0x7edf7]

Java frames: (J=compiled Java code, j=interpreted, Vv=VM code)
j  org.lwjgl.opengl.GL11.nglCallList(IJ)V+0
j  org.lwjgl.opengl.GL11.glCallList(I)V+15
j  org.terasology.rendering.world.Skysphere.drawSphere()V+48
j  org.terasology.rendering.world.Skysphere.render()V+219
j  org.terasology.rendering.world.WorldRenderer.render()V+25
j  org.terasology.game.modes.ModePlayGame.render()V+20
j  org.terasology.game.Terasology.run()V+131
j  org.terasology.game.Terasology.main([Ljava/lang/String;)V+9
v  ~StubRoutines::call_stub
j  sun.reflect.NativeMethodAccessorImpl.invoke0(Ljava/lang/reflect/Method;Ljava/lang/Object;[Ljava/lang/Object;)Ljava/lang/Object;+0
j  sun.reflect.NativeMethodAccessorImpl.invoke(Ljava/lang/Object;[Ljava/lang/Object;)Ljava/lang/Object;+87
j  sun.reflect.DelegatingMethodAccessorImpl.invoke(Ljava/lang/Object;[Ljava/lang/Object;)Ljava/lang/Object;+6
j  java.lang.reflect.Method.invoke(Ljava/lang/Object;[Ljava/lang/Object;)Ljava/lang/Object;+161
j  com.intellij.rt.execution.application.AppMain.main([Ljava/lang/String;)V+140
v  ~StubRoutines::call_stub

---------------  P R O C E S S  ---------------

Java Threads: ( => current thread )
  0x0000000002467800 JavaThread "pool-1-thread-3" [_thread_blocked, id=10518, stack(0x00007f6ef4133000,0x00007f6ef4234000)]
  0x00007f6ef9339800 JavaThread "pool-1-thread-2" [_thread_blocked, id=10517, stack(0x00007f6ef72d3000,0x00007f6ef73d4000)]
  0x00007f6ef8413800 JavaThread "pool-1-thread-1" [_thread_blocked, id=10516, stack(0x00007f6ef71d2000,0x00007f6ef72d3000)]
  0x000000000200a000 JavaThread "AWT-XAWT" daemon [_thread_in_native, id=10505, stack(0x00007f6ef76a6000,0x00007f6ef77a7000)]
  0x00007f6ef80dc000 JavaThread "Java2D Disposer" daemon [_thread_blocked, id=10504, stack(0x00007f6ef7a62000,0x00007f6ef7b63000)]
  0x00007f6ef8081800 JavaThread "Monitor Ctrl-Break" daemon [_thread_in_native, id=10501, stack(0x00007f6efdd83000,0x00007f6efde84000)]
  0x00007f6ef8004800 JavaThread "Low Memory Detector" daemon [_thread_blocked, id=10499, stack(0x00007f6efe2fc000,0x00007f6efe3fd000)]
  0x00007f6ef8001800 JavaThread "CompilerThread1" daemon [_thread_blocked, id=10498, stack(0x00007f6efe3fd000,0x00007f6efe4fe000)]
  0x0000000001f30000 JavaThread "CompilerThread0" daemon [_thread_blocked, id=10497, stack(0x00007f6efe4fe000,0x00007f6efe5ff000)]
  0x0000000001f22000 JavaThread "Signal Dispatcher" daemon [_thread_blocked, id=10496, stack(0x00007f6efe5ff000,0x00007f6efe700000)]
  0x0000000001f0e800 JavaThread "Finalizer" daemon [_thread_blocked, id=10495, stack(0x00007f6efe73f000,0x00007f6efe840000)]
  0x0000000001f07800 JavaThread "Reference Handler" daemon [_thread_blocked, id=10494, stack(0x00007f6efe840000,0x00007f6efe941000)]
=>0x0000000001e98000 JavaThread "main" [_thread_in_native, id=10488, stack(0x00007f6f0560a000,0x00007f6f0570b000)]

Other Threads:
  0x0000000001f00800 VMThread [stack: 0x00007f6efe941000,0x00007f6efea42000] [id=10493]
  0x00007f6ef800f800 WatcherThread [stack: 0x00007f6efe1fb000,0x00007f6efe2fc000] [id=10500]

VM state:not at safepoint (normal execution)

VM Mutex/Monitor currently owned by a thread: None

Heap
 PSYoungGen      total 303808K, used 121234K [0x00000000ecab0000, 0x00000000ffec0000, 0x0000000100000000)
  eden space 292288K, 41% used [0x00000000ecab0000,0x00000000f404aae8,0x00000000fe820000)
  from space 11520K, 7% used [0x00000000ff380000,0x00000000ff44a0d0,0x00000000ffec0000)
  to   space 11584K, 0% used [0x00000000fe820000,0x00000000fe820000,0x00000000ff370000)
 PSOldGen        total 39552K, used 28236K [0x00000000c6000000, 0x00000000c86a0000, 0x00000000ecab0000)
  object space 39552K, 71% used [0x00000000c6000000,0x00000000c7b93180,0x00000000c86a0000)
 PSPermGen       total 26816K, used 26631K [0x00000000bba00000, 0x00000000bd430000, 0x00000000c6000000)
  object space 26816K, 99% used [0x00000000bba00000,0x00000000bd401df8,0x00000000bd430000)

Dynamic libraries:
00400000-00409000 r-xp 00000000 08:08 3804022                            /usr/lib/jvm/java-6-openjdk/jre/bin/java
00608000-00609000 r--p 00008000 08:08 3804022                            /usr/lib/jvm/java-6-openjdk/jre/bin/java
00609000-0060a000 rw-p 00009000 08:08 3804022                            /usr/lib/jvm/java-6-openjdk/jre/bin/java
01e8e000-045d2000 rw-p 00000000 00:00 0                                  [heap]
bba00000-bd430000 rw-p 00000000 00:00 0 
bd430000-c6000000 rw-p 00000000 00:00 0 
c6000000-c86a0000 rw-p 00000000 00:00 0 
c86a0000-ecab0000 rw-p 00000000 00:00 0 
ecab0000-ffec0000 rw-p 00000000 00:00 0 
ffec0000-fffe0000 ---p 00000000 00:00 0 
fffe0000-100000000 rw-p 00000000 00:00 0 
7f6eecc59000-7f6eed059000 rw-s 16f12f000 00:05 4029                      /dev/dri/card0
7f6eed059000-7f6eef222000 rw-p 00000000 00:00 0 
7f6eef222000-7f6eef226000 rw-s 16d86d000 00:05 4029                      /dev/dri/card0
7f6eef226000-7f6eef22e000 rw-s 16d8cd000 00:05 4029                      /dev/dri/card0
7f6eef22e000-7f6eef23e000 rw-s 16d8f3000 00:05 4029                      /dev/dri/card0
7f6eef23e000-7f6eef27e000 rw-s 16f0ef000 00:05 4029                      /dev/dri/card0
7f6eef27e000-7f6eef2be000 rw-s 16f0af000 00:05 4029                      /dev/dri/card0
7f6eef2be000-7f6eef2fe000 rw-s 16f06f000 00:05 4029                      /dev/dri/card0
7f6eef2fe000-7f6eef33e000 rw-s 16f02f000 00:05 4029                      /dev/dri/card0
7f6eef33e000-7f6eef37e000 rw-s 16efef000 00:05 4029                      /dev/dri/card0
7f6eef37e000-7f6eef3be000 rw-s 16efaf000 00:05 4029                      /dev/dri/card0
7f6eef3be000-7f6eef3fe000 rw-s 16ef6f000 00:05 4029                      /dev/dri/card0
7f6eef3fe000-7f6eef7fe000 rw-s 16eb6f000 00:05 4029                      /dev/dri/card0
7f6eef7fe000-7f6eefc00000 rw-p 00000000 00:00 0 
7f6eefc00000-7f6ef0000000 rw-s 16e6ef000 00:05 4029                      /dev/dri/card0
7f6ef0000000-7f6ef141b000 rw-p 00000000 00:00 0 
7f6ef141b000-7f6ef4000000 ---p 00000000 00:00 0 
7f6ef40db000-7f6ef40e3000 rw-s 16d7b0000 00:05 4029                      /dev/dri/card0
7f6ef40e3000-7f6ef40eb000 rw-s 16d829000 00:05 4029                      /dev/dri/card0
7f6ef40eb000-7f6ef40f3000 rw-s 16d81e000 00:05 4029                      /dev/dri/card0
7f6ef40f3000-7f6ef40fb000 rw-s 16d816000 00:05 4029                      /dev/dri/card0
7f6ef40fb000-7f6ef4103000 rw-s 16d80e000 00:05 4029                      /dev/dri/card0
7f6ef4103000-7f6ef410b000 rw-s 16da61000 00:05 4029                      /dev/dri/card0
7f6ef410b000-7f6ef4113000 rw-s 16d841000 00:05 4029                      /dev/dri/card0
7f6ef4113000-7f6ef411b000 rw-s 16d861000 00:05 4029                      /dev/dri/card0
7f6ef411b000-7f6ef4123000 rw-s 16d7e9000 00:05 4029                      /dev/dri/card0
7f6ef4123000-7f6ef412b000 rw-s 16da59000 00:05 4029                      /dev/dri/card0
7f6ef412b000-7f6ef4133000 rw-s 16da51000 00:05 4029                      /dev/dri/card0
7f6ef4133000-7f6ef4136000 ---p 00000000 00:00 0 
7f6ef4136000-7f6ef4234000 rw-p 00000000 00:00 0 
7f6ef4234000-7f6ef423c000 rw-s 16da49000 00:05 4029                      /dev/dri/card0
7f6ef423c000-7f6ef4244000 rw-s 16da41000 00:05 4029                      /dev/dri/card0
7f6ef4244000-7f6ef424c000 rw-s 16da39000 00:05 4029                      /dev/dri/card0
7f6ef424c000-7f6ef4254000 rw-s 16d7fd000 00:05 4029                      /dev/dri/card0
7f6ef4254000-7f6ef425c000 rw-s 16d7f5000 00:05 4029                      /dev/dri/card0
7f6ef425c000-7f6ef4264000 rw-s 16d961000 00:05 4029                      /dev/dri/card0
7f6ef4264000-7f6ef426c000 rw-s 16d959000 00:05 4029                      /dev/dri/card0
7f6ef426c000-7f6ef4274000 rw-s 16d971000 00:05 4029                      /dev/dri/card0
7f6ef4274000-7f6ef42b4000 rw-s 16eb2f000 00:05 4029                      /dev/dri/card0
7f6ef42b4000-7f6ef42b8000 rw-s 16d8c9000 00:05 4029                      /dev/dri/card0
7f6ef42b8000-7f6ef42ba000 rw-s 16d8c7000 00:05 4029                      /dev/dri/card0
7f6ef42ba000-7f6ef42fa000 rw-s 16eaef000 00:05 4029                      /dev/dri/card0
7f6ef42fa000-7f6ef46a3000 rw-p 00000000 00:00 0 
7f6ef46a3000-7f6ef4aa3000 rw-s 16e2ef000 00:05 4029                      /dev/dri/card0
7f6ef4aa3000-7f6ef4e4c000 rw-p 00000000 00:00 0 
7f6ef4e4c000-7f6ef4e8c000 rw-s 16e2af000 00:05 4029                      /dev/dri/card0
7f6ef4e8c000-7f6ef4ecc000 rw-s 16e26f000 00:05 4029                      /dev/dri/card0
7f6ef4ecc000-7f6ef4f0c000 rw-s 16d73a000 00:05 4029                      /dev/dri/card0
7f6ef4f0c000-7f6ef4f4c000 rw-s 16d9f9000 00:05 4029                      /dev/dri/card0
7f6ef4f4c000-7f6ef504c000 rw-s 16e16f000 00:05 4029                      /dev/dri/card0
7f6ef504c000-7f6ef514c000 rw-s 16e06f000 00:05 4029                      /dev/dri/card0
7f6ef514c000-7f6ef524c000 rw-s 16dd6f000 00:05 4029                      /dev/dri/card0
7f6ef524c000-7f6ef534c000 rw-s 16dc6f000 00:05 4029                      /dev/dri/card0
7f6ef534c000-7f6ef5356000 r-xp 00000000 08:08 3808868                    /usr/lib/jvm/java-6-openjdk/jre/lib/amd64/libjpeg.so
7f6ef5356000-7f6ef5555000 ---p 0000a000 08:08 3808868                    /usr/lib/jvm/java-6-openjdk/jre/lib/amd64/libjpeg.so
7f6ef5555000-7f6ef5556000 r--p 00009000 08:08 3808868                    /usr/lib/jvm/java-6-openjdk/jre/lib/amd64/libjpeg.so
7f6ef5556000-7f6ef5557000 rw-p 0000a000 08:08 3808868                    /usr/lib/jvm/java-6-openjdk/jre/lib/amd64/libjpeg.so
7f6ef5557000-7f6ef5589000 r-xp 00000000 08:08 3804043                    /usr/lib/jvm/java-6-openjdk/jre/lib/amd64/liblcms.so
7f6ef5589000-7f6ef5788000 ---p 00032000 08:08 3804043                    /usr/lib/jvm/java-6-openjdk/jre/lib/amd64/liblcms.so
7f6ef5788000-7f6ef5789000 r--p 00031000 08:08 3804043                    /usr/lib/jvm/java-6-openjdk/jre/lib/amd64/liblcms.so
7f6ef5789000-7f6ef578a000 rw-p 00032000 08:08 3804043                    /usr/lib/jvm/java-6-openjdk/jre/lib/amd64/liblcms.so
7f6ef578a000-7f6ef59ae000 rw-p 00000000 00:00 0 
7f6ef59ae000-7f6ef59b8000 r-xp 00000000 08:08 262208                     /lib/libdrm_intel.so.1.0.0
7f6ef59b8000-7f6ef5bb7000 ---p 0000a000 08:08 262208                     /lib/libdrm_intel.so.1.0.0
7f6ef5bb7000-7f6ef5bb8000 r--p 00009000 08:08 262208                     /lib/libdrm_intel.so.1.0.0
7f6ef5bb8000-7f6ef5bb9000 rw-p 0000a000 08:08 262208                     /lib/libdrm_intel.so.1.0.0
7f6ef5bb9000-7f6ef5bdf000 r-xp 00000000 08:08 262216                     /lib/libexpat.so.1.5.2
7f6ef5bdf000-7f6ef5ddf000 ---p 00026000 08:08 262216                     /lib/libexpat.so.1.5.2
7f6ef5ddf000-7f6ef5de1000 r--p 00026000 08:08 262216                     /lib/libexpat.so.1.5.2
7f6ef5de1000-7f6ef5de2000 rw-p 00028000 08:08 262216                     /lib/libexpat.so.1.5.2
7f6ef5de2000-7f6ef60ae000 r-xp 00000000 08:08 3805332                    /usr/lib/dri/i965_dri.so
7f6ef60ae000-7f6ef62ad000 ---p 002cc000 08:08 3805332                    /usr/lib/dri/i965_dri.so
7f6ef62ad000-7f6ef62b6000 r--p 002cb000 08:08 3805332                    /usr/lib/dri/i965_dri.so
7f6ef62b6000-7f6ef62ba000 rw-p 002d4000 08:08 3805332                    /usr/lib/dri/i965_dri.so
7f6ef62ba000-7f6ef62c9000 rw-p 00000000 00:00 0 
7f6ef62c9000-7f6ef62d3000 r-xp 00000000 08:08 262206                     /lib/libdrm.so.2.4.0
7f6ef62d3000-7f6ef64d2000 ---p 0000a000 08:08 262206                     /lib/libdrm.so.2.4.0
7f6ef64d2000-7f6ef64d3000 r--p 00009000 08:08 262206                     /lib/libdrm.so.2.4.0
7f6ef64d3000-7f6ef64d4000 rw-p 0000a000 08:08 262206                     /lib/libdrm.so.2.4.0
7f6ef64d4000-7f6ef64d6000 r-xp 00000000 08:08 3802757                    /usr/lib/libXdamage.so.1.1.0
7f6ef64d6000-7f6ef66d5000 ---p 00002000 08:08 3802757                    /usr/lib/libXdamage.so.1.1.0
7f6ef66d5000-7f6ef66d6000 r--p 00001000 08:08 3802757                    /usr/lib/libXdamage.so.1.1.0
7f6ef66d6000-7f6ef66d7000 rw-p 00002000 08:08 3802757                    /usr/lib/libXdamage.so.1.1.0
7f6ef66d7000-7f6ef674d000 r-xp 00000000 08:08 3804532                    /usr/lib/mesa/libGL.so.1.2
7f6ef674d000-7f6ef694c000 ---p 00076000 08:08 3804532                    /usr/lib/mesa/libGL.so.1.2
7f6ef694c000-7f6ef6955000 r--p 00075000 08:08 3804532                    /usr/lib/mesa/libGL.so.1.2
7f6ef6955000-7f6ef6958000 rw-p 0007e000 08:08 3804532                    /usr/lib/mesa/libGL.so.1.2
7f6ef6958000-7f6ef695d000 r-xp 00000000 08:08 3802801                    /usr/lib/libXxf86vm.so.1.0.0
7f6ef695d000-7f6ef6b5c000 ---p 00005000 08:08 3802801                    /usr/lib/libXxf86vm.so.1.0.0
7f6ef6b5c000-7f6ef6b5d000 r--p 00004000 08:08 3802801                    /usr/lib/libXxf86vm.so.1.0.0
7f6ef6b5d000-7f6ef6b5e000 rw-p 00005000 08:08 3802801                    /usr/lib/libXxf86vm.so.1.0.0
7f6ef6b5e000-7f6ef6b66000 r-xp 00000000 08:08 3802781                    /usr/lib/libXrandr.so.2.2.0
7f6ef6b66000-7f6ef6d65000 ---p 00008000 08:08 3802781                    /usr/lib/libXrandr.so.2.2.0
7f6ef6d65000-7f6ef6d66000 r--p 00007000 08:08 3802781                    /usr/lib/libXrandr.so.2.2.0
7f6ef6d66000-7f6ef6d67000 rw-p 00008000 08:08 3802781                    /usr/lib/libXrandr.so.2.2.0
7f6ef6d67000-7f6ef6dcd000 r-xp 00000000 08:08 7474859                    /home/kireev/Terasology/natives/linux/liblwjgl64.so
7f6ef6dcd000-7f6ef6fcd000 ---p 00066000 08:08 7474859                    /home/kireev/Terasology/natives/linux/liblwjgl64.so
7f6ef6fcd000-7f6ef6fcf000 r--p 00066000 08:08 7474859                    /home/kireev/Terasology/natives/linux/liblwjgl64.so
7f6ef6fcf000-7f6ef6fd0000 rw-p 00068000 08:08 7474859                    /home/kireev/Terasology/natives/linux/liblwjgl64.so
7f6ef6fd0000-7f6ef6fd1000 r-xp 00000000 08:08 3808870                    /usr/lib/jvm/java-6-openjdk/jre/lib/amd64/libjawt.so
7f6ef6fd1000-7f6ef71d0000 ---p 00001000 08:08 3808870                    /usr/lib/jvm/java-6-openjdk/jre/lib/amd64/libjawt.so
7f6ef71d0000-7f6ef71d1000 r--p 00000000 08:08 3808870                    /usr/lib/jvm/java-6-openjdk/jre/lib/amd64/libjawt.so
7f6ef71d1000-7f6ef71d2000 rw-p 00001000 08:08 3808870                    /usr/lib/jvm/java-6-openjdk/jre/lib/amd64/libjawt.so
7f6ef71d2000-7f6ef71d5000 ---p 00000000 00:00 0 
7f6ef71d5000-7f6ef72d3000 rw-p 00000000 00:00 0 
7f6ef72d3000-7f6ef72d6000 ---p 00000000 00:00 0 
7f6ef72d6000-7f6ef73d4000 rw-p 00000000 00:00 0 
7f6ef73d4000-7f6ef73d9000 r-xp 00000000 08:08 3802763                    /usr/lib/libXfixes.so.3.1.0
7f6ef73d9000-7f6ef75d8000 ---p 00005000 08:08 3802763                    /usr/lib/libXfixes.so.3.1.0
7f6ef75d8000-7f6ef75d9000 r--p 00004000 08:08 3802763                    /usr/lib/libXfixes.so.3.1.0
7f6ef75d9000-7f6ef75da000 rw-p 00005000 08:08 3802763                    /usr/lib/libXfixes.so.3.1.0
7f6ef75da000-7f6ef75db000 r--s 00000000 08:08 6035999                    /var/cache/fontconfig/26de28bc8622bbc1fb67fd234c21975f-le64.cache-3
7f6ef75db000-7f6ef75dc000 r--s 00000000 08:08 6029386                    /var/cache/fontconfig/c05880de57d1f5e948fdfacc138775d9-le64.cache-3
7f6ef75dc000-7f6ef75e5000 r--s 00000000 08:08 6029381                    /var/cache/fontconfig/945677eb7aeaf62f1d50efc3fb3ec7d8-le64.cache-3
7f6ef75e5000-7f6ef75e7000 r--s 00000000 08:08 6031092                    /var/cache/fontconfig/99e8ed0e538f840c565b6ed5dad60d56-le64.cache-3
7f6ef75e7000-7f6ef75ea000 r--s 00000000 08:08 6029584                    /var/cache/fontconfig/e383d7ea5fbe662a33d9b44caf393297-le64.cache-3
7f6ef75ea000-7f6ef75f1000 r--s 00000000 08:08 6036000                    /var/cache/fontconfig/401a5dd6b567794a1d18dd9342dfa604-le64.cache-3
7f6ef75f1000-7f6ef75f2000 r--s 00000000 08:08 6029400                    /var/cache/fontconfig/e7071f4a29fa870f4323321c154eba04-le64.cache-3
7f6ef75f2000-7f6ef75f6000 r--s 00000000 08:08 6051012                    /var/cache/fontconfig/6eb3985aa4124903f6ff08ba781cd364-le64.cache-3
7f6ef75f6000-7f6ef75f7000 r--s 00000000 08:08 6029369                    /var/cache/fontconfig/4c73fe0c47614734b17d736dbde7580a-le64.cache-3
7f6ef75f7000-7f6ef75f8000 r--s 00000000 08:08 6029361                    /var/cache/fontconfig/0d8c3b2ac0904cb8a57a757ad11a4a08-le64.cache-3
7f6ef75f8000-7f6ef75f9000 r--s 00000000 08:08 6029374                    /var/cache/fontconfig/6a53c69dea097a2d716e069445527da8-le64.cache-3
7f6ef75f9000-7f6ef75ff000 r--s 00000000 08:08 6029385                    /var/cache/fontconfig/a755afe4a08bf5b97852ceb7400b47bc-le64.cache-3
7f6ef75ff000-7f6ef7604000 r--s 00000000 08:08 6036028                    /var/cache/fontconfig/515ca1ebc4b18308bea979be5704f9db-le64.cache-3
7f6ef7606000-7f6ef760e000 rw-s 16d849000 00:05 4029                      /dev/dri/card0
7f6ef760e000-7f6ef7616000 rw-s 16d923000 00:05 4029                      /dev/dri/card0
7f6ef7616000-7f6ef7626000 rw-s 16d913000 00:05 4029                      /dev/dri/card0
7f6ef7626000-7f6ef7666000 rw-s 16d9b9000 00:05 4029                      /dev/dri/card0
7f6ef7666000-7f6ef76a6000 rw-s 16d979000 00:05 4029                      /dev/dri/card0
7f6ef76a6000-7f6ef76a9000 ---p 00000000 00:00 0 
7f6ef76a9000-7f6ef77a7000 rw-p 00000000 00:00 0 
7f6ef77a7000-7f6ef77a8000 r--s 00000000 08:08 6035999                    /var/cache/fontconfig/26de28bc8622bbc1fb67fd234c21975f-le64.cache-3
7f6ef77a8000-7f6ef77a9000 r--s 00000000 08:08 6029386                    /var/cache/fontconfig/c05880de57d1f5e948fdfacc138775d9-le64.cache-3
7f6ef77a9000-7f6ef77b2000 r--s 00000000 08:08 6029381                    /var/cache/fontconfig/945677eb7aeaf62f1d50efc3fb3ec7d8-le64.cache-3
7f6ef77b2000-7f6ef77b4000 r--s 00000000 08:08 6031092                    /var/cache/fontconfig/99e8ed0e538f840c565b6ed5dad60d56-le64.cache-3
7f6ef77b4000-7f6ef77b7000 r--s 00000000 08:08 6029584                    /var/cache/fontconfig/e383d7ea5fbe662a33d9b44caf393297-le64.cache-3
7f6ef77b7000-7f6ef77be000 r--s 00000000 08:08 6036000                    /var/cache/fontconfig/401a5dd6b567794a1d18dd9342dfa604-le64.cache-3
7f6ef77be000-7f6ef77c4000 r--s 00000000 08:08 6029385                    /var/cache/fontconfig/a755afe4a08bf5b97852ceb7400b47bc-le64.cache-3
7f6ef77c4000-7f6ef77c9000 r--s 00000000 08:08 6036028                    /var/cache/fontconfig/515ca1ebc4b18308bea979be5704f9db-le64.cache-3
7f6ef77c9000-7f6ef77d2000 r--s 00000000 08:08 6029375                    /var/cache/fontconfig/6d41288fd70b0be22e8c3a91e032eec0-le64.cache-3
7f6ef77d2000-7f6ef77e2000 r--s 00000000 08:08 6030950                    /var/cache/fontconfig/0f34bcd4b6ee430af32735b75db7f02b-le64.cache-3
7f6ef77e2000-7f6ef7810000 r--s 00000000 08:08 6052580                    /var/cache/fontconfig/365b55f210c0a22e9a19e35191240f32-le64.cache-3
7f6ef7815000-7f6ef781d000 rw-s 16d969000 00:05 4029                      /dev/dri/card0
7f6ef781d000-7f6ef7826000 r-xp 00000000 08:08 3802755                    /usr/lib/libXcursor.so.1.0.2
7f6ef7826000-7f6ef7a25000 ---p 00009000 08:08 3802755                    /usr/lib/libXcursor.so.1.0.2
7f6ef7a25000-7f6ef7a26000 r--p 00008000 08:08 3802755                    /usr/lib/libXcursor.so.1.0.2
7f6ef7a26000-7f6ef7a27000 rw-p 00009000 08:08 3802755                    /usr/lib/libXcursor.so.1.0.2
7f6ef7a2a000-7f6ef7a2b000 rw-s 16d912000 00:05 4029                      /dev/dri/card0
7f6ef7a2b000-7f6ef7a33000 rw-s 16d932000 00:05 4029                      /dev/dri/card0
7f6ef7a33000-7f6ef7a3b000 rw-s 16d94b000 00:05 4029                      /dev/dri/card0
7f6ef7a3b000-7f6ef7a43000 rw-s 16d943000 00:05 4029                      /dev/dri/card0
7f6ef7a43000-7f6ef7a44000 r--p 00000000 00:00 0 
7f6ef7a44000-7f6ef7a4a000 r--s 000fc000 08:08 3808859                    /usr/lib/jvm/java-6-openjdk/jre/lib/resources.jar
7f6ef7a4a000-7f6ef7a4e000 r--s 00000000 08:08 6051012                    /var/cache/fontconfig/6eb3985aa4124903f6ff08ba781cd364-le64.cache-3
7f6ef7a4e000-7f6ef7a51000 r--s 00000000 08:08 6029393                    /var/cache/fontconfig/d60319d88cac85ba9e1a07bd06cfbb8c-le64.cache-3
7f6ef7a51000-7f6ef7a5b000 r--s 00000000 08:08 6029392                    /var/cache/fontconfig/d52a8644073d54c13679302ca1180695-le64.cache-3
7f6ef7a5b000-7f6ef7a5e000 r--s 00000000 08:08 6029397                    /var/cache/fontconfig/e13b20fdb08344e0e664864cc2ede53d-le64.cache-3
7f6ef7a5e000-7f6ef7a62000 r--s 00000000 08:08 6035997                    /var/cache/fontconfig/7ef2298fde41cc6eeb7af42e48b7d293-le64.cache-3
7f6ef7a62000-7f6ef7a65000 ---p 00000000 00:00 0 
7f6ef7a65000-7f6ef7b63000 rw-p 00000000 00:00 0 
7f6ef7b63000-7f6ef7b79000 r-xp 00000000 08:08 262223                     /lib/libgcc_s.so.1
7f6ef7b79000-7f6ef7d78000 ---p 00016000 08:08 262223                     /lib/libgcc_s.so.1
7f6ef7d78000-7f6ef7d79000 r--p 00015000 08:08 262223                     /lib/libgcc_s.so.1
7f6ef7d79000-7f6ef7d7a000 rw-p 00016000 08:08 262223                     /lib/libgcc_s.so.1
7f6ef7d7a000-7f6ef7dfa000 r-xp 00000000 08:08 3801497                    /usr/lib/libfreetype.so.6.3.22
7f6ef7dfa000-7f6ef7ffa000 ---p 00080000 08:08 3801497                    /usr/lib/libfreetype.so.6.3.22
7f6ef7ffa000-7f6ef7fff000 r--p 00080000 08:08 3801497                    /usr/lib/libfreetype.so.6.3.22
7f6ef7fff000-7f6ef8000000 rw-p 00085000 08:08 3801497                    /usr/lib/libfreetype.so.6.3.22
7f6ef8000000-7f6efb36e000 rw-p 00000000 00:00 0 
7f6efb36e000-7f6efc000000 ---p 00000000 00:00 0 
7f6efc000000-7f6efc001000 r--s 00000000 08:08 6029400                    /var/cache/fontconfig/e7071f4a29fa870f4323321c154eba04-le64.cache-3
7f6efc001000-7f6efc002000 r--s 00000000 08:08 6029369                    /var/cache/fontconfig/4c73fe0c47614734b17d736dbde7580a-le64.cache-3
7f6efc002000-7f6efc00b000 r--s 00000000 08:08 6029375                    /var/cache/fontconfig/6d41288fd70b0be22e8c3a91e032eec0-le64.cache-3
7f6efc00b000-7f6efc039000 r--s 00000000 08:08 6052580                    /var/cache/fontconfig/365b55f210c0a22e9a19e35191240f32-le64.cache-3
7f6efc039000-7f6efc080000 r-xp 00000000 08:08 3804054                    /usr/lib/jvm/java-6-openjdk/jre/lib/amd64/libfontmanager.so
7f6efc080000-7f6efc27f000 ---p 00047000 08:08 3804054                    /usr/lib/jvm/java-6-openjdk/jre/lib/amd64/libfontmanager.so
7f6efc27f000-7f6efc282000 r--p 00046000 08:08 3804054                    /usr/lib/jvm/java-6-openjdk/jre/lib/amd64/libfontmanager.so
7f6efc282000-7f6efc283000 rw-p 00049000 08:08 3804054                    /usr/lib/jvm/java-6-openjdk/jre/lib/amd64/libfontmanager.so
7f6efc283000-7f6efc295000 rw-p 00000000 00:00 0 
7f6efc295000-7f6efc29a000 r-xp 00000000 08:08 3802759                    /usr/lib/libXdmcp.so.6.0.0
7f6efc29a000-7f6efc499000 ---p 00005000 08:08 3802759                    /usr/lib/libXdmcp.so.6.0.0
7f6efc499000-7f6efc49a000 r--p 00004000 08:08 3802759                    /usr/lib/libXdmcp.so.6.0.0
7f6efc49a000-7f6efc49b000 rw-p 00005000 08:08 3802759                    /usr/lib/libXdmcp.so.6.0.0
7f6efc49b000-7f6efc49d000 r-xp 00000000 08:08 3802748                    /usr/lib/libXau.so.6.0.0
7f6efc49d000-7f6efc69d000 ---p 00002000 08:08 3802748                    /usr/lib/libXau.so.6.0.0
7f6efc69d000-7f6efc69e000 r--p 00002000 08:08 3802748                    /usr/lib/libXau.so.6.0.0
7f6efc69e000-7f6efc69f000 rw-p 00003000 08:08 3802748                    /usr/lib/libXau.so.6.0.0
7f6efc69f000-7f6efc6ba000 r-xp 00000000 08:08 3803832                    /usr/lib/libxcb.so.1.1.0
7f6efc6ba000-7f6efc8b9000 ---p 0001b000 08:08 3803832                    /usr/lib/libxcb.so.1.1.0
7f6efc8b9000-7f6efc8ba000 r--p 0001a000 08:08 3803832                    /usr/lib/libxcb.so.1.1.0
7f6efc8ba000-7f6efc8bb000 rw-p 0001b000 08:08 3803832                    /usr/lib/libxcb.so.1.1.0
7f6efc8bb000-7f6efc8ca000 r-xp 00000000 08:08 3802769                    /usr/lib/libXi.so.6.1.0
7f6efc8ca000-7f6efcac9000 ---p 0000f000 08:08 3802769                    /usr/lib/libXi.so.6.1.0
7f6efcac9000-7f6efcaca000 r--p 0000e000 08:08 3802769                    /usr/lib/libXi.so.6.1.0
7f6efcaca000-7f6efcacb000 rw-p 0000f000 08:08 3802769                    /usr/lib/libXi.so.6.1.0
7f6efcacb000-7f6efcad0000 r-xp 00000000 08:08 3802789                    /usr/lib/libXtst.so.6.1.0
7f6efcad0000-7f6efccd0000 ---p 00005000 08:08 3802789                    /usr/lib/libXtst.so.6.1.0
7f6efccd0000-7f6efccd1000 r--p 00005000 08:08 3802789                    /usr/lib/libXtst.so.6.1.0
7f6efccd1000-7f6efccd2000 rw-p 00006000 08:08 3802789                    /usr/lib/libXtst.so.6.1.0
7f6efccd2000-7f6efccdb000 r-xp 00000000 08:08 3802783                    /usr/lib/libXrender.so.1.3.0
7f6efccdb000-7f6efceda000 ---p 00009000 08:08 3802783                    /usr/lib/libXrender.so.1.3.0
7f6efceda000-7f6efcedb000 r--p 00008000 08:08 3802783                    /usr/lib/libXrender.so.1.3.0
7f6efcedb000-7f6efcedc000 rw-p 00009000 08:08 3802783                    /usr/lib/libXrender.so.1.3.0
7f6efcedc000-7f6efd00d000 r-xp 00000000 08:08 3802746                    /usr/lib/libX11.so.6.3.0
7f6efd00d000-7f6efd20d000 ---p 00131000 08:08 3802746                    /usr/lib/libX11.so.6.3.0
7f6efd20d000-7f6efd20e000 r--p 00131000 08:08 3802746                    /usr/lib/libX11.so.6.3.0
7f6efd20e000-7f6efd212000 rw-p 00132000 08:08 3802746                    /usr/lib/libX11.so.6.3.0
7f6efd212000-7f6efd223000 r-xp 00000000 08:08 3802761                    /usr/lib/libXext.so.6.4.0
7f6efd223000-7f6efd422000 ---p 00011000 08:08 3802761                    /usr/lib/libXext.so.6.4.0
7f6efd422000-7f6efd423000 r--p 00010000 08:08 3802761                    /usr/lib/libXext.so.6.4.0
7f6efd423000-7f6efd424000 rw-p 00011000 08:08 3802761                    /usr/lib/libXext.so.6.4.0
7f6efd424000-7f6efd425000 r--s 00000000 08:08 6029361                    /var/cache/fontconfig/0d8c3b2ac0904cb8a57a757ad11a4a08-le64.cache-3
7f6efd425000-7f6efd426000 r--s 00000000 08:08 6029374                    /var/cache/fontconfig/6a53c69dea097a2d716e069445527da8-le64.cache-3
7f6efd426000-7f6efd427000 r--s 00000000 08:08 6030949                    /var/cache/fontconfig/4794a0821666d79190d59a36cb4f44b5-le64.cache-3
7f6efd427000-7f6efd437000 r--s 00000000 08:08 6030950                    /var/cache/fontconfig/0f34bcd4b6ee430af32735b75db7f02b-le64.cache-3
7f6efd437000-7f6efd441000 r--s 00000000 08:08 6029392                    /var/cache/fontconfig/d52a8644073d54c13679302ca1180695-le64.cache-3
7f6efd441000-7f6efd48d000 r-xp 00000000 08:08 3804065                    /usr/lib/jvm/java-6-openjdk/jre/lib/amd64/xawt/libmawt.so
7f6efd48d000-7f6efd68d000 ---p 0004c000 08:08 3804065                    /usr/lib/jvm/java-6-openjdk/jre/lib/amd64/xawt/libmawt.so
7f6efd68d000-7f6efd68e000 r--p 0004c000 08:08 3804065                    /usr/lib/jvm/java-6-openjdk/jre/lib/amd64/xawt/libmawt.so
7f6efd68e000-7f6efd691000 rw-p 0004d000 08:08 3804065                    /usr/lib/jvm/java-6-openjdk/jre/lib/amd64/xawt/libmawt.so
7f6efd691000-7f6efd692000 rw-p 00000000 00:00 0 
7f6efd692000-7f6efd734000 r-xp 00000000 08:08 3808869                    /usr/lib/jvm/java-6-openjdk/jre/lib/amd64/libawt.so
7f6efd734000-7f6efd933000 ---p 000a2000 08:08 3808869                    /usr/lib/jvm/java-6-openjdk/jre/lib/amd64/libawt.so
7f6efd933000-7f6efd934000 r--p 000a1000 08:08 3808869                    /usr/lib/jvm/java-6-openjdk/jre/lib/amd64/libawt.so
7f6efd934000-7f6efd93f000 rw-p 000a2000 08:08 3808869                    /usr/lib/jvm/java-6-openjdk/jre/lib/amd64/libawt.so
7f6efd93f000-7f6efd964000 rw-p 00000000 00:00 0 
7f6efd964000-7f6efd96c000 r-xp 00000000 08:08 3804030                    /usr/lib/jvm/java-6-openjdk/jre/lib/amd64/libnio.so
7f6efd96c000-7f6efdb6b000 ---p 00008000 08:08 3804030                    /usr/lib/jvm/java-6-openjdk/jre/lib/amd64/libnio.so
7f6efdb6b000-7f6efdb6c000 r--p 00007000 08:08 3804030                    /usr/lib/jvm/java-6-openjdk/jre/lib/amd64/libnio.so
7f6efdb6c000-7f6efdb6d000 rw-p 00008000 08:08 3804030                    /usr/lib/jvm/java-6-openjdk/jre/lib/amd64/libnio.so
7f6efdb6d000-7f6efdb82000 r-xp 00000000 08:08 3804040                    /usr/lib/jvm/java-6-openjdk/jre/lib/amd64/libnet.so
7f6efdb82000-7f6efdd81000 ---p 00015000 08:08 3804040                    /usr/lib/jvm/java-6-openjdk/jre/lib/amd64/libnet.so
7f6efdd81000-7f6efdd82000 r--p 00014000 08:08 3804040                    /usr/lib/jvm/java-6-openjdk/jre/lib/amd64/libnet.so
7f6efdd82000-7f6efdd83000 rw-p 00015000 08:08 3804040                    /usr/lib/jvm/java-6-openjdk/jre/lib/amd64/libnet.so
7f6efdd83000-7f6efdd86000 ---p 00000000 00:00 0 
7f6efdd86000-7f6efde84000 rw-p 00000000 00:00 0 
7f6efde84000-7f6efde85000 r-xp 00000000 08:08 7476497                    /home/kireev/idea-IC-111.277/bin/libbreakgen64.so
7f6efde85000-7f6efe084000 ---p 00001000 08:08 7476497                    /home/kireev/idea-IC-111.277/bin/libbreakgen64.so
7f6efe084000-7f6efe085000 r--p 00000000 08:08 7476497                    /home/kireev/idea-IC-111.277/bin/libbreakgen64.so
7f6efe085000-7f6efe086000 rw-p 00001000 08:08 7476497                    /home/kireev/idea-IC-111.277/bin/libbreakgen64.so
7f6efe086000-7f6efe08a000 r--s 0007c000 08:08 3808853                    /usr/lib/jvm/java-6-openjdk/jre/lib/jsse.jar
7f6efe08a000-7f6efe08c000 r--s 00013000 08:08 7475669                    /home/kireev/idea-IC-111.277/lib/idea_rt.jar
7f6efe08c000-7f6efe0b4000 r--s 0023f000 08:08 7474851                    /home/kireev/Terasology/libs/trove-3.0.0.jar
7f6efe0b4000-7f6efe0be000 r--s 0009a000 08:08 7474849                    /home/kireev/Terasology/libs/slick.jar
7f6efe0be000-7f6efe119000 r--s 00583000 08:08 7475197                    /home/kireev/Terasology/libs/groovy-all-1.8.2.jar
7f6efe119000-7f6efe138000 r--s 0014f000 08:08 7473830                    /home/kireev/Terasology/libs/mockito-all-1.9.0.jar
7f6efe138000-7f6efe13c000 r--s 00027000 08:08 7474845                    /home/kireev/Terasology/libs/lwjgl_util.jar
7f6efe13c000-7f6efe143000 r--s 00037000 08:08 7474132                    /home/kireev/Terasology/libs/junit-4.10.jar
7f6efe143000-7f6efe148000 r--s 00030000 08:08 7474840                    /home/kireev/Terasology/libs/jinput.jar
7f6efe148000-7f6efe149000 r--s 00002000 08:08 7475196                    /home/kireev/Terasology/libs/annotations.jar
7f6efe149000-7f6efe14c000 r--s 00017000 08:08 7475201                    /home/kireev/Terasology/libs/slick-util.jar
7f6efe14c000-7f6efe14e000 r--s 00000000 08:08 7475195                    /home/kireev/Terasology/libs/AppleJavaExtensions.jar
7f6efe14e000-7f6efe15b000 r--s 000d5000 08:08 7474844                    /home/kireev/Terasology/libs/lwjgl.jar
7f6efe15b000-7f6efe166000 r--s 000a1000 08:08 7474129                    /home/kireev/Terasology/libs/jbullet.jar
7f6efe166000-7f6efe167000 r--s 00001000 08:08 7474846                    /home/kireev/Terasology/libs/lzma.jar
7f6efe167000-7f6efe168000 r--s 00001000 08:08 7475198                    /home/kireev/Terasology/libs/jogg-0.0.7.jar
7f6efe168000-7f6efe16a000 r--s 0003c000 08:08 7474852                    /home/kireev/Terasology/libs/vecmath.jar
7f6efe16a000-7f6efe16c000 r--s 0000d000 08:08 7475200                    /home/kireev/Terasology/libs/jorbis-0.0.15.jar
7f6efe16c000-7f6efe19c000 r--s 0021b000 08:08 5113256                    /usr/lib/jvm/java-6-openjdk/lib/sa-jdi.jar
7f6efe19c000-7f6efe1fb000 r--s 00d86000 08:08 5113265                    /usr/lib/jvm/java-6-openjdk/lib/tools.jar
7f6efe1fb000-7f6efe1fc000 ---p 00000000 00:00 0 
7f6efe1fc000-7f6efe2fc000 rw-p 00000000 00:00 0 
7f6efe2fc000-7f6efe2ff000 ---p 00000000 00:00 0 
7f6efe2ff000-7f6efe3fd000 rw-p 00000000 00:00 0 
7f6efe3fd000-7f6efe400000 ---p 00000000 00:00 0 
7f6efe400000-7f6efe4fe000 rw-p 00000000 00:00 0 
7f6efe4fe000-7f6efe501000 ---p 00000000 00:00 0 
7f6efe501000-7f6efe5ff000 rw-p 00000000 00:00 0 
7f6efe5ff000-7f6efe602000 ---p 00000000 00:00 0 
7f6efe602000-7f6efe700000 rw-p 00000000 00:00 0 
7f6efe700000-7f6efe73f000 r--p 00000000 08:08 3808138                    /usr/lib/locale/ru_RU.utf8/LC_CTYPE
7f6efe73f000-7f6efe742000 ---p 00000000 00:00 0 
7f6efe742000-7f6efe840000 rw-p 00000000 00:00 0 
7f6efe840000-7f6efe843000 ---p 00000000 00:00 0 
7f6efe843000-7f6efe941000 rw-p 00000000 00:00 0 
7f6efe941000-7f6efe942000 ---p 00000000 00:00 0 
7f6efe942000-7f6efef47000 rw-p 00000000 00:00 0 
7f6efef47000-7f6efef49000 r--s 0001d000 08:08 3808858                    /usr/lib/jvm/java-6-openjdk/jre/lib/plugin.jar
7f6efef49000-7f6efef4e000 r--s 00044000 08:08 3808857                    /usr/lib/jvm/java-6-openjdk/jre/lib/netx.jar
7f6efef4e000-7f6efef81000 rw-p 00000000 00:00 0 
7f6efef81000-7f6eff110000 r--s 038c2000 08:08 3808878                    /usr/lib/jvm/java-6-openjdk/jre/lib/rt.jar
7f6eff110000-7f6eff138000 rw-p 00000000 00:00 0 
7f6eff138000-7f6eff139000 ---p 00000000 00:00 0 
7f6eff139000-7f6eff239000 rw-p 00000000 00:00 0 
7f6eff239000-7f6eff23a000 ---p 00000000 00:00 0 
7f6eff23a000-7f6eff33a000 rw-p 00000000 00:00 0 
7f6eff33a000-7f6eff33b000 ---p 00000000 00:00 0 
7f6eff33b000-7f6eff43b000 rw-p 00000000 00:00 0 
7f6eff43b000-7f6eff43c000 ---p 00000000 00:00 0 
7f6eff43c000-7f6eff54a000 rw-p 00000000 00:00 0 
7f6eff54a000-7f6eff58f000 rw-p 00000000 00:00 0 
7f6eff58f000-7f6eff5a3000 rw-p 00000000 00:00 0 
7f6eff5a3000-7f6eff6c5000 rw-p 00000000 00:00 0 
7f6eff6c5000-7f6eff6d3000 rw-p 00000000 00:00 0 
7f6eff6d3000-7f6eff718000 rw-p 00000000 00:00 0 
7f6eff718000-7f6eff72c000 rw-p 00000000 00:00 0 
7f6eff72c000-7f6eff84d000 rw-p 00000000 00:00 0 
7f6eff84d000-7f6eff8e8000 rw-p 00000000 00:00 0 
7f6eff8e8000-7f6eff8e9000 rw-p 00000000 00:00 0 
7f6eff8e9000-7f6effc49000 rwxp 00000000 00:00 0 
7f6effc49000-7f6f028e9000 rw-p 00000000 00:00 0 
7f6f028e9000-7f6f028f0000 r-xp 00000000 08:08 3808864                    /usr/lib/jvm/java-6-openjdk/jre/lib/amd64/libzip.so
7f6f028f0000-7f6f02aef000 ---p 00007000 08:08 3808864                    /usr/lib/jvm/java-6-openjdk/jre/lib/amd64/libzip.so
7f6f02aef000-7f6f02af0000 r--p 00006000 08:08 3808864                    /usr/lib/jvm/java-6-openjdk/jre/lib/amd64/libzip.so
7f6f02af0000-7f6f02af1000 rw-p 00007000 08:08 3808864                    /usr/lib/jvm/java-6-openjdk/jre/lib/amd64/libzip.so
7f6f02af1000-7f6f02afd000 r-xp 00000000 08:08 265975                     /lib/libnss_files-2.11.1.so
7f6f02afd000-7f6f02cfc000 ---p 0000c000 08:08 265975                     /lib/libnss_files-2.11.1.so
7f6f02cfc000-7f6f02cfd000 r--p 0000b000 08:08 265975                     /lib/libnss_files-2.11.1.so
7f6f02cfd000-7f6f02cfe000 rw-p 0000c000 08:08 265975                     /lib/libnss_files-2.11.1.so
7f6f02cfe000-7f6f02d08000 r-xp 00000000 08:08 265965                     /lib/libnss_nis-2.11.1.so
7f6f02d08000-7f6f02f07000 ---p 0000a000 08:08 265965                     /lib/libnss_nis-2.11.1.so
7f6f02f07000-7f6f02f08000 r--p 00009000 08:08 265965                     /lib/libnss_nis-2.11.1.so
7f6f02f08000-7f6f02f09000 rw-p 0000a000 08:08 265965                     /lib/libnss_nis-2.11.1.so
7f6f02f09000-7f6f02f11000 r-xp 00000000 08:08 265964                     /lib/libnss_compat-2.11.1.so
7f6f02f11000-7f6f03110000 ---p 00008000 08:08 265964                     /lib/libnss_compat-2.11.1.so
7f6f03110000-7f6f03111000 r--p 00007000 08:08 265964                     /lib/libnss_compat-2.11.1.so
7f6f03111000-7f6f03112000 rw-p 00008000 08:08 265964                     /lib/libnss_compat-2.11.1.so
7f6f03112000-7f6f0311a000 r-xp 00000000 08:08 3808873                    /usr/lib/jvm/java-6-openjdk/jre/lib/amd64/native_threads/libhpi.so
7f6f0311a000-7f6f03319000 ---p 00008000 08:08 3808873                    /usr/lib/jvm/java-6-openjdk/jre/lib/amd64/native_threads/libhpi.so
7f6f03319000-7f6f0331a000 r--p 00007000 08:08 3808873                    /usr/lib/jvm/java-6-openjdk/jre/lib/amd64/native_threads/libhpi.so
7f6f0331a000-7f6f0331b000 rw-p 00008000 08:08 3808873                    /usr/lib/jvm/java-6-openjdk/jre/lib/amd64/native_threads/libhpi.so
7f6f0331b000-7f6f03332000 r-xp 00000000 08:08 265956                     /lib/libnsl-2.11.1.so
7f6f03332000-7f6f03531000 ---p 00017000 08:08 265956                     /lib/libnsl-2.11.1.so
7f6f03531000-7f6f03532000 r--p 00016000 08:08 265956                     /lib/libnsl-2.11.1.so
7f6f03532000-7f6f03533000 rw-p 00017000 08:08 265956                     /lib/libnsl-2.11.1.so
7f6f03533000-7f6f03535000 rw-p 00000000 00:00 0 
7f6f03535000-7f6f03562000 r-xp 00000000 08:08 3804057                    /usr/lib/jvm/java-6-openjdk/jre/lib/amd64/libjava.so
7f6f03562000-7f6f03761000 ---p 0002d000 08:08 3804057                    /usr/lib/jvm/java-6-openjdk/jre/lib/amd64/libjava.so
7f6f03761000-7f6f03762000 r--p 0002c000 08:08 3804057                    /usr/lib/jvm/java-6-openjdk/jre/lib/amd64/libjava.so
7f6f03762000-7f6f03765000 rw-p 0002d000 08:08 3804057                    /usr/lib/jvm/java-6-openjdk/jre/lib/amd64/libjava.so
7f6f03765000-7f6f03774000 r-xp 00000000 08:08 3804039                    /usr/lib/jvm/java-6-openjdk/jre/lib/amd64/libverify.so
7f6f03774000-7f6f03973000 ---p 0000f000 08:08 3804039                    /usr/lib/jvm/java-6-openjdk/jre/lib/amd64/libverify.so
7f6f03973000-7f6f03975000 r--p 0000e000 08:08 3804039                    /usr/lib/jvm/java-6-openjdk/jre/lib/amd64/libverify.so
7f6f03975000-7f6f03976000 rw-p 00010000 08:08 3804039                    /usr/lib/jvm/java-6-openjdk/jre/lib/amd64/libverify.so
7f6f03976000-7f6f0397d000 r-xp 00000000 08:08 265960                     /lib/librt-2.11.1.so
7f6f0397d000-7f6f03b7c000 ---p 00007000 08:08 265960                     /lib/librt-2.11.1.so
7f6f03b7c000-7f6f03b7d000 r--p 00006000 08:08 265960                     /lib/librt-2.11.1.so
7f6f03b7d000-7f6f03b7e000 rw-p 00007000 08:08 265960                     /lib/librt-2.11.1.so
7f6f03b7e000-7f6f03c00000 r-xp 00000000 08:08 262167                     /lib/libm-2.11.1.so
7f6f03c00000-7f6f03dff000 ---p 00082000 08:08 262167                     /lib/libm-2.11.1.so
7f6f03dff000-7f6f03e00000 r--p 00081000 08:08 262167                     /lib/libm-2.11.1.so
7f6f03e00000-7f6f03e01000 rw-p 00082000 08:08 262167                     /lib/libm-2.11.1.so
7f6f03e01000-7f6f04687000 r-xp 00000000 08:08 3808866                    /usr/lib/jvm/java-6-openjdk/jre/lib/amd64/server/libjvm.so
7f6f04687000-7f6f04886000 ---p 00886000 08:08 3808866                    /usr/lib/jvm/java-6-openjdk/jre/lib/amd64/server/libjvm.so
7f6f04886000-7f6f048fc000 r--p 00885000 08:08 3808866                    /usr/lib/jvm/java-6-openjdk/jre/lib/amd64/server/libjvm.so
7f6f048fc000-7f6f04917000 rw-p 008fb000 08:08 3808866                    /usr/lib/jvm/java-6-openjdk/jre/lib/amd64/server/libjvm.so
7f6f04917000-7f6f04950000 rw-p 00000000 00:00 0 
7f6f04950000-7f6f04aca000 r-xp 00000000 08:08 265972                     /lib/libc-2.11.1.so
7f6f04aca000-7f6f04cc9000 ---p 0017a000 08:08 265972                     /lib/libc-2.11.1.so
7f6f04cc9000-7f6f04ccd000 r--p 00179000 08:08 265972                     /lib/libc-2.11.1.so
7f6f04ccd000-7f6f04cce000 rw-p 0017d000 08:08 265972                     /lib/libc-2.11.1.so
7f6f04cce000-7f6f04cd3000 rw-p 00000000 00:00 0 
7f6f04cd3000-7f6f04cd5000 r-xp 00000000 08:08 265976                     /lib/libdl-2.11.1.so
7f6f04cd5000-7f6f04ed5000 ---p 00002000 08:08 265976                     /lib/libdl-2.11.1.so
7f6f04ed5000-7f6f04ed6000 r--p 00002000 08:08 265976                     /lib/libdl-2.11.1.so
7f6f04ed6000-7f6f04ed7000 rw-p 00003000 08:08 265976                     /lib/libdl-2.11.1.so
7f6f04ed7000-7f6f04edb000 r-xp 00000000 08:08 3804037                    /usr/lib/jvm/java-6-openjdk/jre/lib/amd64/jli/libjli.so
7f6f04edb000-7f6f050da000 ---p 00004000 08:08 3804037                    /usr/lib/jvm/java-6-openjdk/jre/lib/amd64/jli/libjli.so
7f6f050da000-7f6f050db000 r--p 00003000 08:08 3804037                    /usr/lib/jvm/java-6-openjdk/jre/lib/amd64/jli/libjli.so
7f6f050db000-7f6f050dc000 rw-p 00004000 08:08 3804037                    /usr/lib/jvm/java-6-openjdk/jre/lib/amd64/jli/libjli.so
7f6f050dc000-7f6f050f4000 r-xp 00000000 08:08 265970                     /lib/libpthread-2.11.1.so
7f6f050f4000-7f6f052f3000 ---p 00018000 08:08 265970                     /lib/libpthread-2.11.1.so
7f6f052f3000-7f6f052f4000 r--p 00017000 08:08 265970                     /lib/libpthread-2.11.1.so
7f6f052f4000-7f6f052f5000 rw-p 00018000 08:08 265970                     /lib/libpthread-2.11.1.so
7f6f052f5000-7f6f052f9000 rw-p 00000000 00:00 0 
7f6f052f9000-7f6f0530f000 r-xp 00000000 08:08 262338                     /lib/libz.so.1.2.3.3
7f6f0530f000-7f6f0550e000 ---p 00016000 08:08 262338                     /lib/libz.so.1.2.3.3
7f6f0550e000-7f6f0550f000 r--p 00015000 08:08 262338                     /lib/libz.so.1.2.3.3
7f6f0550f000-7f6f05510000 rw-p 00016000 08:08 262338                     /lib/libz.so.1.2.3.3
7f6f05510000-7f6f05530000 r-xp 00000000 08:08 265957                     /lib/ld-2.11.1.so
7f6f05530000-7f6f05533000 r--s 00000000 08:08 6029393                    /var/cache/fontconfig/d60319d88cac85ba9e1a07bd06cfbb8c-le64.cache-3
7f6f05533000-7f6f05534000 r--s 00000000 08:08 6030949                    /var/cache/fontconfig/4794a0821666d79190d59a36cb4f44b5-le64.cache-3
7f6f05534000-7f6f05537000 r--s 00000000 08:08 6029397                    /var/cache/fontconfig/e13b20fdb08344e0e664864cc2ede53d-le64.cache-3
7f6f05537000-7f6f0553b000 r--s 00000000 08:08 6035997                    /var/cache/fontconfig/7ef2298fde41cc6eeb7af42e48b7d293-le64.cache-3
7f6f0553b000-7f6f0553e000 r--s 00077000 08:08 3808839                    /usr/lib/jvm/java-6-openjdk/jre/lib/ext/localedata.jar
7f6f0553e000-7f6f05544000 r--s 0001f000 08:08 5113269                    /usr/lib/jvm/java-6-openjdk/lib/dt.jar
7f6f05544000-7f6f0554a000 r--s 00065000 08:08 5113257                    /usr/lib/jvm/java-6-openjdk/lib/jconsole.jar
7f6f0554a000-7f6f05558000 rw-p 00000000 00:00 0 
7f6f05558000-7f6f0560a000 rw-p 00000000 00:00 0 
7f6f0560a000-7f6f0560d000 ---p 00000000 00:00 0 
7f6f0560d000-7f6f05710000 rw-p 00000000 00:00 0                          [threadstack:000fcff0]
7f6f05710000-7f6f05719000 r--s 00065000 08:08 3963249                    /usr/share/java/gnome-java-bridge.jar
7f6f05719000-7f6f0571c000 r--s 0000f000 08:08 3808842                    /usr/lib/jvm/java-6-openjdk/jre/lib/ext/pulse-java.jar
7f6f0571c000-7f6f05723000 r--s 00000000 08:08 3808522                    /usr/lib/gconv/gconv-modules.cache
7f6f05723000-7f6f0572b000 rw-s 00000000 08:08 3145921                    /tmp/hsperfdata_kireev/10487
7f6f0572b000-7f6f0572c000 rw-p 00000000 00:00 0 
7f6f0572c000-7f6f0572d000 r--p 00000000 00:00 0 
7f6f0572d000-7f6f0572f000 rw-p 00000000 00:00 0 
7f6f0572f000-7f6f05730000 r--p 0001f000 08:08 265957                     /lib/ld-2.11.1.so
7f6f05730000-7f6f05731000 rw-p 00020000 08:08 265957                     /lib/ld-2.11.1.so
7f6f05731000-7f6f05732000 rw-p 00000000 00:00 0 
7fffb6098000-7fffb60ae000 rw-p 00000000 00:00 0                          [stack]
7fffb61ff000-7fffb6200000 r-xp 00000000 00:00 0                          [vdso]
ffffffffff600000-ffffffffff601000 r-xp 00000000 00:00 0                  [vsyscall]

VM Arguments:
jvm_args: -Djava.library.path=natives\linux -Didea.launcher.port=7532 -Didea.launcher.bin.path=/home/kireev/idea-IC-111.277/bin -Dfile.encoding=UTF-8 
java_command: com.intellij.rt.execution.application.AppMain org.terasology.game.Terasology
Launcher Type: SUN_STANDARD

Environment Variables:
CLASSPATH=../lib/bootstrap.jar:../lib/util.jar:../lib/jdom.jar:../lib/log4j.jar:../lib/extensions.jar:../lib/trove4j.jar:../lib/jna.jar:/usr/lib/jvm/java-6-openjdk/lib/tools.jar:
PATH=/usr/local/sbin:/usr/local/bin:/usr/sbin:/usr/bin:/sbin:/bin:/usr/games
LD_LIBRARY_PATH=/usr/lib/jvm/java-6-openjdk/jre/lib/amd64/server:/usr/lib/jvm/java-6-openjdk/jre/lib/amd64:/usr/lib/jvm/java-6-openjdk/jre/../lib/amd64:.:
SHELL=/bin/bash
DISPLAY=:0

Signal Handlers:
SIGSEGV: [libjvm.so+0x723ff0], sa_mask[0]=0x7ffbfeff, sa_flags=0x10000004
SIGBUS: [libjvm.so+0x723ff0], sa_mask[0]=0x7ffbfeff, sa_flags=0x10000004
SIGFPE: [libjvm.so+0x5e0820], sa_mask[0]=0x7ffbfeff, sa_flags=0x10000004
SIGPIPE: [libjvm.so+0x5e0820], sa_mask[0]=0x7ffbfeff, sa_flags=0x10000004
SIGXFSZ: [libjvm.so+0x5e0820], sa_mask[0]=0x7ffbfeff, sa_flags=0x10000004
SIGILL: [libjvm.so+0x5e0820], sa_mask[0]=0x7ffbfeff, sa_flags=0x10000004
SIGUSR1: SIG_DFL, sa_mask[0]=0x00000000, sa_flags=0x00000000
SIGUSR2: [libjvm.so+0x5dff30], sa_mask[0]=0x00000004, sa_flags=0x10000004
SIGHUP: [libjvm.so+0x5e29a0], sa_mask[0]=0x7ffbfeff, sa_flags=0x10000004
SIGINT: [libjvm.so+0x5e29a0], sa_mask[0]=0x7ffbfeff, sa_flags=0x10000004
SIGTERM: [libjvm.so+0x5e29a0], sa_mask[0]=0x7ffbfeff, sa_flags=0x10000004
SIGQUIT: [libjvm.so+0x5e29a0], sa_mask[0]=0x7ffbfeff, sa_flags=0x10000004


---------------  S Y S T E M  ---------------

OS:Ubuntu 10.04 (lucid)
uname:Linux 2.6.32-21-generic #32-Ubuntu SMP Fri Apr 16 08:09:38 UTC 2010 x86_64
libc:glibc 2.11.1 NPTL 2.11.1 
rlimit: STACK 8192k, CORE 0k, NPROC infinity, NOFILE 1024, AS infinity
load average:1.46 0.98 0.87

/proc/meminfo:
MemTotal:        3795536 kB
MemFree:           31676 kB
Buffers:            1672 kB
Cached:           402036 kB
SwapCached:         3264 kB
Active:          2753776 kB
Inactive:         702256 kB
Active(anon):    2695776 kB
Inactive(anon):   644304 kB
Active(file):      58000 kB
Inactive(file):    57952 kB
Unevictable:           0 kB
Mlocked:               0 kB
SwapTotal:       6468600 kB
SwapFree:        6328196 kB
Dirty:                72 kB
Writeback:             0 kB
AnonPages:       3049536 kB
Mapped:           127040 kB
Shmem:            287672 kB
Slab:             123892 kB
SReclaimable:      80512 kB
SUnreclaim:        43380 kB
KernelStack:        4824 kB
PageTables:        49568 kB
NFS_Unstable:          0 kB
Bounce:                0 kB
WritebackTmp:          0 kB
CommitLimit:     8366368 kB
Committed_AS:    6188580 kB
VmallocTotal:   34359738367 kB
VmallocUsed:      390400 kB
VmallocChunk:   34359261412 kB
HardwareCorrupted:     0 kB
HugePages_Total:       0
HugePages_Free:        0
HugePages_Rsvd:        0
HugePages_Surp:        0
Hugepagesize:       2048 kB
DirectMap4k:       10112 kB
DirectMap2M:     3917824 kB


CPU:total 4 (2 cores per cpu, 2 threads per core) family 6 model 37 stepping 2, cmov, cx8, fxsr, mmx, sse, sse2, sse3, ssse3, sse4.1, sse4.2, popcnt, ht

Memory: 4k page, physical 3795536k(31676k free), swap 6468600k(6328080k free)

vm_info: OpenJDK 64-Bit Server VM (19.0-b09) for linux-amd64 JRE (1.6.0_20-b20), built on Feb 23 2011 19:02:00 by "buildd" with gcc 4.4.3

time: Mon Mar 12 15:02:16 2012
elapsed time: 16 seconds

