#
# A fatal error has been detected by the Java Runtime Environment:
#
#  SIGSEGV (0xb) at pc=0x00007f4da277ddf7, pid=6827, tid=139971675469568
#
# JRE version: 6.0_20-b20
# Java VM: OpenJDK 64-Bit Server VM (19.0-b09 mixed mode linux-amd64 compressed oops)
# Derivative: IcedTea6 1.9.7
# Distribution: Ubuntu 10.04.1 LTS, package 6b20-1.9.7-0ubuntu1~10.04.1
# Problematic frame:
# C  [i965_dri.so+0x7edf7]
#
# If you would like to submit a bug report, please include
# instructions how to reproduce the bug and visit:
#   https://bugs.launchpad.net/ubuntu/+source/openjdk-6/
# The crash happened outside the Java Virtual Machine in native code.
# See problematic frame for where to report the bug.
#

---------------  T H R E A D  ---------------

Current thread (0x0000000001fd9000):  JavaThread "main" [_thread_in_native, id=6828, stack(0x00007f4db1eeb000,0x00007f4db1fec000)]

siginfo:si_signo=SIGSEGV: si_errno=0, si_code=1 (SEGV_MAPERR), si_addr=0x00000000000000b8

Registers:
RAX=0x0000000000000000, RBX=0x0000000002665020, RCX=0x0000000000000000, RDX=0x00007f4da5d6a4f0
RSP=0x00007f4db1fe9880, RBP=0x00007f4da2bd4408, RSI=0x0000000000000001, RDI=0x0000000000000000
R8 =0x00007f4da5cf3910, R9 =0x0000000000000001, R10=0x0000000000000000, R11=0x0000000000000000
R12=0x00007f4da2bd4520, R13=0x00007f4da2bd63c0, R14=0x0000000000000006, R15=0x000000000000001a
RIP=0x00007f4da277ddf7, EFL=0x0000000000010246, CSGSFS=0x0000000000000033, ERR=0x0000000000000004
  TRAPNO=0x000000000000000e

Register to memory mapping:

RAX=0x0000000000000000
0x0000000000000000 is pointing to unknown location

RBX=0x0000000002665020
0x0000000002665020 is pointing to unknown location

RCX=0x0000000000000000
0x0000000000000000 is pointing to unknown location

RDX=0x00007f4da5d6a4f0
0x00007f4da5d6a4f0 is pointing to unknown location

RSP=0x00007f4db1fe9880
0x00007f4db1fe9880 is pointing into the stack for thread: 0x0000000001fd9000
"main" prio=10 tid=0x0000000001fd9000 nid=0x1aac runnable [0x00007f4db1fe9000]
   java.lang.Thread.State: RUNNABLE

RBP=0x00007f4da2bd4408
0x00007f4da2bd4408: atoms+0x8 in /usr/lib/dri/i965_dri.so at 0x00007f4da26ff000

RSI=0x0000000000000001
0x0000000000000001 is pointing to unknown location

RDI=0x0000000000000000
0x0000000000000000 is pointing to unknown location

R8 =0x00007f4da5cf3910
0x00007f4da5cf3910 is pointing to unknown location

R9 =0x0000000000000001
0x0000000000000001 is pointing to unknown location

R10=0x0000000000000000
0x0000000000000000 is pointing to unknown location

R11=0x0000000000000000
0x0000000000000000 is pointing to unknown location

R12=0x00007f4da2bd4520
0x00007f4da2bd4520: <offset 0x4d5520> in /usr/lib/dri/i965_dri.so at 0x00007f4da26ff000

R13=0x00007f4da2bd63c0
0x00007f4da2bd63c0: INTEL_DEBUG+0 in /usr/lib/dri/i965_dri.so at 0x00007f4da26ff000

R14=0x0000000000000006
0x0000000000000006 is pointing to unknown location

R15=0x000000000000001a
0x000000000000001a is pointing to unknown location


Top of Stack: (sp=0x00007f4db1fe9880)
0x00007f4db1fe9880:   0000000002665020 00007f4da27857ce
0x00007f4db1fe9890:   0000000002665020 00007f4da42ccd10
0x00007f4db1fe98a0:   0000000000000000 00007f4da27782a5
0x00007f4db1fe98b0:   0000000000000002 0000000000000004
0x00007f4db1fe98c0:   00007f4da5104740 00007f4da27ebca0
0x00007f4db1fe98d0:   0000000002670648 00007f4da2828ed8
0x00007f4db1fe98e0:   000000000267b250 00000000024d1ec8
0x00007f4db1fe98f0:   00007f4da42ccd10 00007f4db1fe9910
0x00007f4db1fe9900:   0000000000000000 0000000002665020
0x00007f4db1fe9910:   00000000000000c2 00007f4da2800605
0x00007f4db1fe9920:   0000000001fd99d0 0000000002665020
0x00007f4db1fe9930:   0000000002665020 00007f4da57e1548
0x00007f4db1fe9940:   0000000002665020 0000000000000000
0x00007f4db1fe9950:   00000000024ce560 00000000024cef98
0x00007f4db1fe9960:   0000000000003038 00007f4da28353d7
0x00007f4db1fe9970:   00007f4d00000000 0000000000000353
0x00007f4db1fe9980:   00007f4db1fe99b0 00000000024ce5d0
0x00007f4db1fe9990:   0000000000000002 00007f4d00000002
0x00007f4db1fe99a0:   0000000501fd9000 00000000024ce560
0x00007f4db1fe99b0:   0000000000030003 0000000000000000
0x00007f4db1fe99c0:   0000000000000000 0000000000000000
0x00007f4db1fe99d0:   0000000000000000 0000000000000000
0x00007f4db1fe99e0:   00007f4db1fe9b70 0dca7dedd2960b00
0x00007f4db1fe99f0:   00007f4db1fe9b80 00007f4da57e1540
0x00007f4db1fe9a00:   0000000002665020 0000000000000000
0x00007f4db1fe9a10:   00007f4da2bd65c0 00007f4da2940f1c
0x00007f4db1fe9a20:   00007f4db1fe9ac0 00007f4da27b7692
0x00007f4db1fe9a30:   0000000001fd99b8 0000000001fd99d0
0x00007f4db1fe9a40:   0000000001fd6a10 0000000001fd9540
0x00007f4db1fe9a50:   0000000001fd9550 0000000001fd9928
0x00007f4db1fe9a60:   0000000001fd99c8 0000000001fd9928
0x00007f4db1fe9a70:   0000000001fd99c8 00007f4db0da45a9 

Instructions: (pc=0x00007f4da277ddf7)
0x00007f4da277dde7:   48 85 c0 74 0b 81 78 30 78 56 34 12 48 0f 45 c7
0x00007f4da277ddf7:   48 8b 80 b8 00 00 00 48 85 c0 74 11 44 8b 40 38 

Stack: [0x00007f4db1eeb000,0x00007f4db1fec000],  sp=0x00007f4db1fe9880,  free space=1018k
Native frames: (J=compiled Java code, j=interpreted, Vv=VM code, C=native code)
C  [i965_dri.so+0x7edf7]

Java frames: (J=compiled Java code, j=interpreted, Vv=VM code)
j  org.lwjgl.opengl.GL11.nglCallList(IJ)V+0
j  org.lwjgl.opengl.GL11.glCallList(I)V+15
j  org.terasology.rendering.world.Skysphere.drawSphere()V+48
j  org.terasology.rendering.world.Skysphere.render()V+219
j  org.terasology.rendering.world.WorldRenderer.render()V+25
j  org.terasology.game.modes.ModePlayGame.render()V+20
j  org.terasology.game.Terasology.run()V+131
j  org.terasology.game.Terasology.main([Ljava/lang/String;)V+9
v  ~StubRoutines::call_stub
j  sun.reflect.NativeMethodAccessorImpl.invoke0(Ljava/lang/reflect/Method;Ljava/lang/Object;[Ljava/lang/Object;)Ljava/lang/Object;+0
j  sun.reflect.NativeMethodAccessorImpl.invoke(Ljava/lang/Object;[Ljava/lang/Object;)Ljava/lang/Object;+87
j  sun.reflect.DelegatingMethodAccessorImpl.invoke(Ljava/lang/Object;[Ljava/lang/Object;)Ljava/lang/Object;+6
j  java.lang.reflect.Method.invoke(Ljava/lang/Object;[Ljava/lang/Object;)Ljava/lang/Object;+161
j  com.intellij.rt.execution.application.AppMain.main([Ljava/lang/String;)V+140
v  ~StubRoutines::call_stub

---------------  P R O C E S S  ---------------

Java Threads: ( => current thread )
  0x00007f4da587a000 JavaThread "pool-1-thread-4" [_thread_blocked, id=6856, stack(0x00007f4d9d890000,0x00007f4d9d991000)]
  0x00000000034ab000 JavaThread "pool-1-thread-3" [_thread_blocked, id=6855, stack(0x00007f4d9d991000,0x00007f4d9da92000)]
  0x00007f4da5cd7000 JavaThread "pool-1-thread-2" [_thread_blocked, id=6854, stack(0x00007f4d9da92000,0x00007f4d9db93000)]
  0x00007f4da5cc4000 JavaThread "pool-1-thread-1" [_thread_in_Java, id=6853, stack(0x00007f4da3aef000,0x00007f4da3bf0000)]
  0x00007f4da42ac800 JavaThread "AWT-XAWT" daemon [_thread_in_native, id=6844, stack(0x00007f4da81f2000,0x00007f4da82f3000)]
  0x00007f4da41d9000 JavaThread "Java2D Disposer" daemon [_thread_blocked, id=6843, stack(0x00007f4da837c000,0x00007f4da847d000)]
  0x00007f4da4081800 JavaThread "Monitor Ctrl-Break" daemon [_thread_in_native, id=6841, stack(0x00007f4daa664000,0x00007f4daa765000)]
  0x00007f4da4004800 JavaThread "Low Memory Detector" daemon [_thread_blocked, id=6839, stack(0x00007f4daabdd000,0x00007f4daacde000)]
  0x00007f4da4001800 JavaThread "CompilerThread1" daemon [_thread_blocked, id=6838, stack(0x00007f4daacde000,0x00007f4daaddf000)]
  0x0000000002071000 JavaThread "CompilerThread0" daemon [_thread_blocked, id=6837, stack(0x00007f4daaddf000,0x00007f4daaee0000)]
  0x0000000002063000 JavaThread "Signal Dispatcher" daemon [_thread_blocked, id=6836, stack(0x00007f4daaee0000,0x00007f4daafe1000)]
  0x000000000204f800 JavaThread "Finalizer" daemon [_thread_blocked, id=6835, stack(0x00007f4dab020000,0x00007f4dab121000)]
  0x0000000002048800 JavaThread "Reference Handler" daemon [_thread_blocked, id=6834, stack(0x00007f4dab121000,0x00007f4dab222000)]
=>0x0000000001fd9000 JavaThread "main" [_thread_in_native, id=6828, stack(0x00007f4db1eeb000,0x00007f4db1fec000)]

Other Threads:
  0x0000000002041800 VMThread [stack: 0x00007f4dab222000,0x00007f4dab323000] [id=6833]
  0x00007f4da400f000 WatcherThread [stack: 0x00007f4daaadc000,0x00007f4daabdd000] [id=6840]

VM state:not at safepoint (normal execution)

VM Mutex/Monitor currently owned by a thread: None

Heap
 PSYoungGen      total 303296K, used 98659K [0x00000000ecab0000, 0x00000000fff00000, 0x0000000100000000)
  eden space 291392K, 33% used [0x00000000ecab0000,0x00000000f28d79d0,0x00000000fe740000)
  from space 11904K, 18% used [0x00000000fe740000,0x00000000fe971340,0x00000000ff2e0000)
  to   space 11200K, 0% used [0x00000000ff410000,0x00000000ff410000,0x00000000fff00000)
 PSOldGen        total 39552K, used 27928K [0x00000000c6000000, 0x00000000c86a0000, 0x00000000ecab0000)
  object space 39552K, 70% used [0x00000000c6000000,0x00000000c7b46210,0x00000000c86a0000)
 PSPermGen       total 26624K, used 26596K [0x00000000bba00000, 0x00000000bd400000, 0x00000000c6000000)
  object space 26624K, 99% used [0x00000000bba00000,0x00000000bd3f91b0,0x00000000bd400000)

Dynamic libraries:
00400000-00409000 r-xp 00000000 08:08 3804022                            /usr/lib/jvm/java-6-openjdk/jre/bin/java
00608000-00609000 r--p 00008000 08:08 3804022                            /usr/lib/jvm/java-6-openjdk/jre/bin/java
00609000-0060a000 rw-p 00009000 08:08 3804022                            /usr/lib/jvm/java-6-openjdk/jre/bin/java
01fcf000-04cb6000 rw-p 00000000 00:00 0                                  [heap]
bba00000-bd400000 rw-p 00000000 00:00 0 
bd400000-c6000000 rw-p 00000000 00:00 0 
c6000000-c86a0000 rw-p 00000000 00:00 0 
c86a0000-ecab0000 rw-p 00000000 00:00 0 
ecab0000-fff00000 rw-p 00000000 00:00 0 
fff00000-fff60000 ---p 00000000 00:00 0 
fff60000-100000000 rw-p 00000000 00:00 0 
7f4d9d890000-7f4d9d893000 ---p 00000000 00:00 0 
7f4d9d893000-7f4d9d991000 rw-p 00000000 00:00 0 
7f4d9d991000-7f4d9d994000 ---p 00000000 00:00 0 
7f4d9d994000-7f4d9da92000 rw-p 00000000 00:00 0 
7f4d9da92000-7f4d9da95000 ---p 00000000 00:00 0 
7f4d9da95000-7f4d9db93000 rw-p 00000000 00:00 0 
7f4d9db93000-7f4d9df93000 rw-s 14e488000 00:05 4068                      /dev/dri/card0
7f4d9df93000-7f4da015c000 rw-p 00000000 00:00 0 
7f4da015c000-7f4da0160000 rw-s 14e43c000 00:05 4068                      /dev/dri/card0
7f4da0160000-7f4da0168000 rw-s 14e434000 00:05 4068                      /dev/dri/card0
7f4da0168000-7f4da0178000 rw-s 14e424000 00:05 4068                      /dev/dri/card0
7f4da0178000-7f4da01b8000 rw-s 14e3e4000 00:05 4068                      /dev/dri/card0
7f4da01b8000-7f4da01f8000 rw-s 14e3a4000 00:05 4068                      /dev/dri/card0
7f4da01f8000-7f4da0238000 rw-s 14e364000 00:05 4068                      /dev/dri/card0
7f4da0238000-7f4da0278000 rw-s 14e324000 00:05 4068                      /dev/dri/card0
7f4da0278000-7f4da02b8000 rw-s 14e2e4000 00:05 4068                      /dev/dri/card0
7f4da02b8000-7f4da02f8000 rw-s 14e2a4000 00:05 4068                      /dev/dri/card0
7f4da02f8000-7f4da0338000 rw-s 14e264000 00:05 4068                      /dev/dri/card0
7f4da0338000-7f4da0738000 rw-s 14de64000 00:05 4068                      /dev/dri/card0
7f4da0738000-7f4da0b3a000 rw-p 00000000 00:00 0 
7f4da0b3a000-7f4da0b7a000 rw-s 14de24000 00:05 4068                      /dev/dri/card0
7f4da0b7a000-7f4da0b7e000 rw-s 14de20000 00:05 4068                      /dev/dri/card0
7f4da0b7e000-7f4da0b80000 rw-s 14ced7000 00:05 4068                      /dev/dri/card0
7f4da0b80000-7f4da0bc0000 rw-s 14dde0000 00:05 4068                      /dev/dri/card0
7f4da0bc0000-7f4da0fc0000 rw-s 14d9e0000 00:05 4068                      /dev/dri/card0
7f4da0fc0000-7f4da1369000 rw-p 00000000 00:00 0 
7f4da1369000-7f4da1769000 rw-s 14d5e0000 00:05 4068                      /dev/dri/card0
7f4da1769000-7f4da17a9000 rw-s 14d5a0000 00:05 4068                      /dev/dri/card0
7f4da17a9000-7f4da17e9000 rw-s 14d560000 00:05 4068                      /dev/dri/card0
7f4da17e9000-7f4da1829000 rw-s 14d520000 00:05 4068                      /dev/dri/card0
7f4da1829000-7f4da1869000 rw-s 14d4e0000 00:05 4068                      /dev/dri/card0
7f4da1869000-7f4da1969000 rw-s 14d3e0000 00:05 4068                      /dev/dri/card0
7f4da1969000-7f4da1a69000 rw-s 14d2e0000 00:05 4068                      /dev/dri/card0
7f4da1a69000-7f4da1b69000 rw-s 14d1a0000 00:05 4068                      /dev/dri/card0
7f4da1b69000-7f4da1c69000 rw-s 14d0a0000 00:05 4068                      /dev/dri/card0
7f4da1c69000-7f4da1c73000 r-xp 00000000 08:08 3808868                    /usr/lib/jvm/java-6-openjdk/jre/lib/amd64/libjpeg.so
7f4da1c73000-7f4da1e72000 ---p 0000a000 08:08 3808868                    /usr/lib/jvm/java-6-openjdk/jre/lib/amd64/libjpeg.so
7f4da1e72000-7f4da1e73000 r--p 00009000 08:08 3808868                    /usr/lib/jvm/java-6-openjdk/jre/lib/amd64/libjpeg.so
7f4da1e73000-7f4da1e74000 rw-p 0000a000 08:08 3808868                    /usr/lib/jvm/java-6-openjdk/jre/lib/amd64/libjpeg.so
7f4da1e74000-7f4da1ea6000 r-xp 00000000 08:08 3804043                    /usr/lib/jvm/java-6-openjdk/jre/lib/amd64/liblcms.so
7f4da1ea6000-7f4da20a5000 ---p 00032000 08:08 3804043                    /usr/lib/jvm/java-6-openjdk/jre/lib/amd64/liblcms.so
7f4da20a5000-7f4da20a6000 r--p 00031000 08:08 3804043                    /usr/lib/jvm/java-6-openjdk/jre/lib/amd64/liblcms.so
7f4da20a6000-7f4da20a7000 rw-p 00032000 08:08 3804043                    /usr/lib/jvm/java-6-openjdk/jre/lib/amd64/liblcms.so
7f4da20a7000-7f4da22cb000 rw-p 00000000 00:00 0 
7f4da22cb000-7f4da22d5000 r-xp 00000000 08:08 262208                     /lib/libdrm_intel.so.1.0.0
7f4da22d5000-7f4da24d4000 ---p 0000a000 08:08 262208                     /lib/libdrm_intel.so.1.0.0
7f4da24d4000-7f4da24d5000 r--p 00009000 08:08 262208                     /lib/libdrm_intel.so.1.0.0
7f4da24d5000-7f4da24d6000 rw-p 0000a000 08:08 262208                     /lib/libdrm_intel.so.1.0.0
7f4da24d6000-7f4da24fc000 r-xp 00000000 08:08 262216                     /lib/libexpat.so.1.5.2
7f4da24fc000-7f4da26fc000 ---p 00026000 08:08 262216                     /lib/libexpat.so.1.5.2
7f4da26fc000-7f4da26fe000 r--p 00026000 08:08 262216                     /lib/libexpat.so.1.5.2
7f4da26fe000-7f4da26ff000 rw-p 00028000 08:08 262216                     /lib/libexpat.so.1.5.2
7f4da26ff000-7f4da29cb000 r-xp 00000000 08:08 3805332                    /usr/lib/dri/i965_dri.so
7f4da29cb000-7f4da2bca000 ---p 002cc000 08:08 3805332                    /usr/lib/dri/i965_dri.so
7f4da2bca000-7f4da2bd3000 r--p 002cb000 08:08 3805332                    /usr/lib/dri/i965_dri.so
7f4da2bd3000-7f4da2bd7000 rw-p 002d4000 08:08 3805332                    /usr/lib/dri/i965_dri.so
7f4da2bd7000-7f4da2be6000 rw-p 00000000 00:00 0 
7f4da2be6000-7f4da2bf0000 r-xp 00000000 08:08 262206                     /lib/libdrm.so.2.4.0
7f4da2bf0000-7f4da2def000 ---p 0000a000 08:08 262206                     /lib/libdrm.so.2.4.0
7f4da2def000-7f4da2df0000 r--p 00009000 08:08 262206                     /lib/libdrm.so.2.4.0
7f4da2df0000-7f4da2df1000 rw-p 0000a000 08:08 262206                     /lib/libdrm.so.2.4.0
7f4da2df1000-7f4da2df3000 r-xp 00000000 08:08 3802757                    /usr/lib/libXdamage.so.1.1.0
7f4da2df3000-7f4da2ff2000 ---p 00002000 08:08 3802757                    /usr/lib/libXdamage.so.1.1.0
7f4da2ff2000-7f4da2ff3000 r--p 00001000 08:08 3802757                    /usr/lib/libXdamage.so.1.1.0
7f4da2ff3000-7f4da2ff4000 rw-p 00002000 08:08 3802757                    /usr/lib/libXdamage.so.1.1.0
7f4da2ff4000-7f4da306a000 r-xp 00000000 08:08 3804532                    /usr/lib/mesa/libGL.so.1.2
7f4da306a000-7f4da3269000 ---p 00076000 08:08 3804532                    /usr/lib/mesa/libGL.so.1.2
7f4da3269000-7f4da3272000 r--p 00075000 08:08 3804532                    /usr/lib/mesa/libGL.so.1.2
7f4da3272000-7f4da3275000 rw-p 0007e000 08:08 3804532                    /usr/lib/mesa/libGL.so.1.2
7f4da3275000-7f4da327a000 r-xp 00000000 08:08 3802801                    /usr/lib/libXxf86vm.so.1.0.0
7f4da327a000-7f4da3479000 ---p 00005000 08:08 3802801                    /usr/lib/libXxf86vm.so.1.0.0
7f4da3479000-7f4da347a000 r--p 00004000 08:08 3802801                    /usr/lib/libXxf86vm.so.1.0.0
7f4da347a000-7f4da347b000 rw-p 00005000 08:08 3802801                    /usr/lib/libXxf86vm.so.1.0.0
7f4da347b000-7f4da3483000 r-xp 00000000 08:08 3802781                    /usr/lib/libXrandr.so.2.2.0
7f4da3483000-7f4da3682000 ---p 00008000 08:08 3802781                    /usr/lib/libXrandr.so.2.2.0
7f4da3682000-7f4da3683000 r--p 00007000 08:08 3802781                    /usr/lib/libXrandr.so.2.2.0
7f4da3683000-7f4da3684000 rw-p 00008000 08:08 3802781                    /usr/lib/libXrandr.so.2.2.0
7f4da3684000-7f4da36ea000 r-xp 00000000 08:08 7474859                    /home/kireev/Terasology/natives/linux/liblwjgl64.so
7f4da36ea000-7f4da38ea000 ---p 00066000 08:08 7474859                    /home/kireev/Terasology/natives/linux/liblwjgl64.so
7f4da38ea000-7f4da38ec000 r--p 00066000 08:08 7474859                    /home/kireev/Terasology/natives/linux/liblwjgl64.so
7f4da38ec000-7f4da38ed000 rw-p 00068000 08:08 7474859                    /home/kireev/Terasology/natives/linux/liblwjgl64.so
7f4da38ed000-7f4da38ee000 r-xp 00000000 08:08 3808870                    /usr/lib/jvm/java-6-openjdk/jre/lib/amd64/libjawt.so
7f4da38ee000-7f4da3aed000 ---p 00001000 08:08 3808870                    /usr/lib/jvm/java-6-openjdk/jre/lib/amd64/libjawt.so
7f4da3aed000-7f4da3aee000 r--p 00000000 08:08 3808870                    /usr/lib/jvm/java-6-openjdk/jre/lib/amd64/libjawt.so
7f4da3aee000-7f4da3aef000 rw-p 00001000 08:08 3808870                    /usr/lib/jvm/java-6-openjdk/jre/lib/amd64/libjawt.so
7f4da3aef000-7f4da3af2000 ---p 00000000 00:00 0 
7f4da3af2000-7f4da3bf0000 rw-p 00000000 00:00 0 
7f4da3bf0000-7f4da3bf5000 r-xp 00000000 08:08 3802763                    /usr/lib/libXfixes.so.3.1.0
7f4da3bf5000-7f4da3df4000 ---p 00005000 08:08 3802763                    /usr/lib/libXfixes.so.3.1.0
7f4da3df4000-7f4da3df5000 r--p 00004000 08:08 3802763                    /usr/lib/libXfixes.so.3.1.0
7f4da3df5000-7f4da3df6000 rw-p 00005000 08:08 3802763                    /usr/lib/libXfixes.so.3.1.0
7f4da3df6000-7f4da3dff000 r-xp 00000000 08:08 3802755                    /usr/lib/libXcursor.so.1.0.2
7f4da3dff000-7f4da3ffe000 ---p 00009000 08:08 3802755                    /usr/lib/libXcursor.so.1.0.2
7f4da3ffe000-7f4da3fff000 r--p 00008000 08:08 3802755                    /usr/lib/libXcursor.so.1.0.2
7f4da3fff000-7f4da4000000 rw-p 00009000 08:08 3802755                    /usr/lib/libXcursor.so.1.0.2
7f4da4000000-7f4da62ca000 rw-p 00000000 00:00 0 
7f4da62ca000-7f4da8000000 ---p 00000000 00:00 0 
7f4da8006000-7f4da800e000 rw-s 14cc72000 00:05 4068                      /dev/dri/card0
7f4da800e000-7f4da8016000 rw-s 14cc6a000 00:05 4068                      /dev/dri/card0
7f4da8016000-7f4da801e000 rw-s 14cc61000 00:05 4068                      /dev/dri/card0
7f4da801e000-7f4da802e000 rw-s 14cc51000 00:05 4068                      /dev/dri/card0
7f4da802e000-7f4da8036000 rw-s 14cce2000 00:05 4068                      /dev/dri/card0
7f4da8036000-7f4da803e000 rw-s 14cc10000 00:05 4068                      /dev/dri/card0
7f4da803e000-7f4da8046000 rw-s 14cc08000 00:05 4068                      /dev/dri/card0
7f4da8046000-7f4da804e000 rw-s 14e8b7000 00:05 4068                      /dev/dri/card0
7f4da804e000-7f4da8056000 rw-s 14e8af000 00:05 4068                      /dev/dri/card0
7f4da8056000-7f4da805e000 rw-s 14cbff000 00:05 4068                      /dev/dri/card0
7f4da805e000-7f4da8066000 rw-s 14e8a0000 00:05 4068                      /dev/dri/card0
7f4da8066000-7f4da806e000 rw-s 14e898000 00:05 4068                      /dev/dri/card0
7f4da806e000-7f4da8076000 rw-s 14cb71000 00:05 4068                      /dev/dri/card0
7f4da8076000-7f4da807e000 rw-s 14cb69000 00:05 4068                      /dev/dri/card0
7f4da807e000-7f4da8086000 rw-s 14d093000 00:05 4068                      /dev/dri/card0
7f4da8086000-7f4da808e000 rw-s 14d087000 00:05 4068                      /dev/dri/card0
7f4da808e000-7f4da8096000 rw-s 14d059000 00:05 4068                      /dev/dri/card0
7f4da8096000-7f4da809e000 rw-s 14cab8000 00:05 4068                      /dev/dri/card0
7f4da809e000-7f4da80a6000 rw-s 14ca91000 00:05 4068                      /dev/dri/card0
7f4da80a6000-7f4da80ae000 rw-s 14ca63000 00:05 4068                      /dev/dri/card0
7f4da80ae000-7f4da80b6000 rw-s 14ce92000 00:05 4068                      /dev/dri/card0
7f4da80b6000-7f4da80be000 rw-s 14e890000 00:05 4068                      /dev/dri/card0
7f4da80be000-7f4da80c6000 rw-s 14e888000 00:05 4068                      /dev/dri/card0
7f4da80c6000-7f4da80e6000 rw-s 14e468000 00:05 4068                      /dev/dri/card0
7f4da80e6000-7f4da80e7000 r--s 00000000 08:08 6035999                    /var/cache/fontconfig/26de28bc8622bbc1fb67fd234c21975f-le64.cache-3
7f4da80e7000-7f4da80e8000 r--s 00000000 08:08 6029386                    /var/cache/fontconfig/c05880de57d1f5e948fdfacc138775d9-le64.cache-3
7f4da80e8000-7f4da80f1000 r--s 00000000 08:08 6029381                    /var/cache/fontconfig/945677eb7aeaf62f1d50efc3fb3ec7d8-le64.cache-3
7f4da80f1000-7f4da80f3000 r--s 00000000 08:08 6031092                    /var/cache/fontconfig/99e8ed0e538f840c565b6ed5dad60d56-le64.cache-3
7f4da80f3000-7f4da80f6000 r--s 00000000 08:08 6029584                    /var/cache/fontconfig/e383d7ea5fbe662a33d9b44caf393297-le64.cache-3
7f4da80f6000-7f4da80fd000 r--s 00000000 08:08 6036000                    /var/cache/fontconfig/401a5dd6b567794a1d18dd9342dfa604-le64.cache-3
7f4da80fd000-7f4da80fe000 r--s 00000000 08:08 6029400                    /var/cache/fontconfig/e7071f4a29fa870f4323321c154eba04-le64.cache-3
7f4da80fe000-7f4da8102000 r--s 00000000 08:08 6051012                    /var/cache/fontconfig/6eb3985aa4124903f6ff08ba781cd364-le64.cache-3
7f4da8102000-7f4da8103000 r--s 00000000 08:08 6029369                    /var/cache/fontconfig/4c73fe0c47614734b17d736dbde7580a-le64.cache-3
7f4da8103000-7f4da8104000 r--s 00000000 08:08 6029361                    /var/cache/fontconfig/0d8c3b2ac0904cb8a57a757ad11a4a08-le64.cache-3
7f4da8104000-7f4da8105000 r--s 00000000 08:08 6029374                    /var/cache/fontconfig/6a53c69dea097a2d716e069445527da8-le64.cache-3
7f4da8105000-7f4da810b000 r--s 00000000 08:08 6029385                    /var/cache/fontconfig/a755afe4a08bf5b97852ceb7400b47bc-le64.cache-3
7f4da810b000-7f4da8110000 r--s 00000000 08:08 6036028                    /var/cache/fontconfig/515ca1ebc4b18308bea979be5704f9db-le64.cache-3
7f4da8110000-7f4da8119000 r--s 00000000 08:08 6029375                    /var/cache/fontconfig/6d41288fd70b0be22e8c3a91e032eec0-le64.cache-3
7f4da8119000-7f4da8147000 r--s 00000000 08:08 6052580                    /var/cache/fontconfig/365b55f210c0a22e9a19e35191240f32-le64.cache-3
7f4da8148000-7f4da8149000 rw-s 14cc4f000 00:05 4068                      /dev/dri/card0
7f4da8149000-7f4da8169000 rw-s 14e448000 00:05 4068                      /dev/dri/card0
7f4da8169000-7f4da8171000 rw-s 14e440000 00:05 4068                      /dev/dri/card0
7f4da8171000-7f4da81b1000 rw-s 14d2a0000 00:05 4068                      /dev/dri/card0
7f4da81b1000-7f4da81f1000 rw-s 14cedc000 00:05 4068                      /dev/dri/card0
7f4da81f1000-7f4da81f2000 r--p 00000000 00:00 0 
7f4da81f2000-7f4da81f5000 ---p 00000000 00:00 0 
7f4da81f5000-7f4da82f3000 rw-p 00000000 00:00 0 
7f4da82f3000-7f4da82f9000 r--s 000fc000 08:08 3808859                    /usr/lib/jvm/java-6-openjdk/jre/lib/resources.jar
7f4da82f9000-7f4da82fa000 r--s 00000000 08:08 6035999                    /var/cache/fontconfig/26de28bc8622bbc1fb67fd234c21975f-le64.cache-3
7f4da82fa000-7f4da82fb000 r--s 00000000 08:08 6029386                    /var/cache/fontconfig/c05880de57d1f5e948fdfacc138775d9-le64.cache-3
7f4da82fb000-7f4da8304000 r--s 00000000 08:08 6029381                    /var/cache/fontconfig/945677eb7aeaf62f1d50efc3fb3ec7d8-le64.cache-3
7f4da8304000-7f4da8306000 r--s 00000000 08:08 6031092                    /var/cache/fontconfig/99e8ed0e538f840c565b6ed5dad60d56-le64.cache-3
7f4da8306000-7f4da8309000 r--s 00000000 08:08 6029584                    /var/cache/fontconfig/e383d7ea5fbe662a33d9b44caf393297-le64.cache-3
7f4da8309000-7f4da8310000 r--s 00000000 08:08 6036000                    /var/cache/fontconfig/401a5dd6b567794a1d18dd9342dfa604-le64.cache-3
7f4da8310000-7f4da8311000 r--s 00000000 08:08 6029400                    /var/cache/fontconfig/e7071f4a29fa870f4323321c154eba04-le64.cache-3
7f4da8311000-7f4da8315000 r--s 00000000 08:08 6051012                    /var/cache/fontconfig/6eb3985aa4124903f6ff08ba781cd364-le64.cache-3
7f4da8315000-7f4da8316000 r--s 00000000 08:08 6029369                    /var/cache/fontconfig/4c73fe0c47614734b17d736dbde7580a-le64.cache-3
7f4da8316000-7f4da831c000 r--s 00000000 08:08 6029385                    /var/cache/fontconfig/a755afe4a08bf5b97852ceb7400b47bc-le64.cache-3
7f4da831c000-7f4da8321000 r--s 00000000 08:08 6036028                    /var/cache/fontconfig/515ca1ebc4b18308bea979be5704f9db-le64.cache-3
7f4da8321000-7f4da832a000 r--s 00000000 08:08 6029375                    /var/cache/fontconfig/6d41288fd70b0be22e8c3a91e032eec0-le64.cache-3
7f4da832a000-7f4da833a000 r--s 00000000 08:08 6030950                    /var/cache/fontconfig/0f34bcd4b6ee430af32735b75db7f02b-le64.cache-3
7f4da833a000-7f4da833d000 r--s 00000000 08:08 6029393                    /var/cache/fontconfig/d60319d88cac85ba9e1a07bd06cfbb8c-le64.cache-3
7f4da833d000-7f4da836b000 r--s 00000000 08:08 6052580                    /var/cache/fontconfig/365b55f210c0a22e9a19e35191240f32-le64.cache-3
7f4da836b000-7f4da8375000 r--s 00000000 08:08 6029392                    /var/cache/fontconfig/d52a8644073d54c13679302ca1180695-le64.cache-3
7f4da8375000-7f4da8378000 r--s 00000000 08:08 6029397                    /var/cache/fontconfig/e13b20fdb08344e0e664864cc2ede53d-le64.cache-3
7f4da8378000-7f4da837c000 r--s 00000000 08:08 6035997                    /var/cache/fontconfig/7ef2298fde41cc6eeb7af42e48b7d293-le64.cache-3
7f4da837c000-7f4da837f000 ---p 00000000 00:00 0 
7f4da837f000-7f4da847d000 rw-p 00000000 00:00 0 
7f4da847d000-7f4da8493000 r-xp 00000000 08:08 262223                     /lib/libgcc_s.so.1
7f4da8493000-7f4da8692000 ---p 00016000 08:08 262223                     /lib/libgcc_s.so.1
7f4da8692000-7f4da8693000 r--p 00015000 08:08 262223                     /lib/libgcc_s.so.1
7f4da8693000-7f4da8694000 rw-p 00016000 08:08 262223                     /lib/libgcc_s.so.1
7f4da8694000-7f4da8714000 r-xp 00000000 08:08 3801497                    /usr/lib/libfreetype.so.6.3.22
7f4da8714000-7f4da8914000 ---p 00080000 08:08 3801497                    /usr/lib/libfreetype.so.6.3.22
7f4da8914000-7f4da8919000 r--p 00080000 08:08 3801497                    /usr/lib/libfreetype.so.6.3.22
7f4da8919000-7f4da891a000 rw-p 00085000 08:08 3801497                    /usr/lib/libfreetype.so.6.3.22
7f4da891a000-7f4da8961000 r-xp 00000000 08:08 3804054                    /usr/lib/jvm/java-6-openjdk/jre/lib/amd64/libfontmanager.so
7f4da8961000-7f4da8b60000 ---p 00047000 08:08 3804054                    /usr/lib/jvm/java-6-openjdk/jre/lib/amd64/libfontmanager.so
7f4da8b60000-7f4da8b63000 r--p 00046000 08:08 3804054                    /usr/lib/jvm/java-6-openjdk/jre/lib/amd64/libfontmanager.so
7f4da8b63000-7f4da8b64000 rw-p 00049000 08:08 3804054                    /usr/lib/jvm/java-6-openjdk/jre/lib/amd64/libfontmanager.so
7f4da8b64000-7f4da8b76000 rw-p 00000000 00:00 0 
7f4da8b76000-7f4da8b7b000 r-xp 00000000 08:08 3802759                    /usr/lib/libXdmcp.so.6.0.0
7f4da8b7b000-7f4da8d7a000 ---p 00005000 08:08 3802759                    /usr/lib/libXdmcp.so.6.0.0
7f4da8d7a000-7f4da8d7b000 r--p 00004000 08:08 3802759                    /usr/lib/libXdmcp.so.6.0.0
7f4da8d7b000-7f4da8d7c000 rw-p 00005000 08:08 3802759                    /usr/lib/libXdmcp.so.6.0.0
7f4da8d7c000-7f4da8d7e000 r-xp 00000000 08:08 3802748                    /usr/lib/libXau.so.6.0.0
7f4da8d7e000-7f4da8f7e000 ---p 00002000 08:08 3802748                    /usr/lib/libXau.so.6.0.0
7f4da8f7e000-7f4da8f7f000 r--p 00002000 08:08 3802748                    /usr/lib/libXau.so.6.0.0
7f4da8f7f000-7f4da8f80000 rw-p 00003000 08:08 3802748                    /usr/lib/libXau.so.6.0.0
7f4da8f80000-7f4da8f9b000 r-xp 00000000 08:08 3803832                    /usr/lib/libxcb.so.1.1.0
7f4da8f9b000-7f4da919a000 ---p 0001b000 08:08 3803832                    /usr/lib/libxcb.so.1.1.0
7f4da919a000-7f4da919b000 r--p 0001a000 08:08 3803832                    /usr/lib/libxcb.so.1.1.0
7f4da919b000-7f4da919c000 rw-p 0001b000 08:08 3803832                    /usr/lib/libxcb.so.1.1.0
7f4da919c000-7f4da91ab000 r-xp 00000000 08:08 3802769                    /usr/lib/libXi.so.6.1.0
7f4da91ab000-7f4da93aa000 ---p 0000f000 08:08 3802769                    /usr/lib/libXi.so.6.1.0
7f4da93aa000-7f4da93ab000 r--p 0000e000 08:08 3802769                    /usr/lib/libXi.so.6.1.0
7f4da93ab000-7f4da93ac000 rw-p 0000f000 08:08 3802769                    /usr/lib/libXi.so.6.1.0
7f4da93ac000-7f4da93b1000 r-xp 00000000 08:08 3802789                    /usr/lib/libXtst.so.6.1.0
7f4da93b1000-7f4da95b1000 ---p 00005000 08:08 3802789                    /usr/lib/libXtst.so.6.1.0
7f4da95b1000-7f4da95b2000 r--p 00005000 08:08 3802789                    /usr/lib/libXtst.so.6.1.0
7f4da95b2000-7f4da95b3000 rw-p 00006000 08:08 3802789                    /usr/lib/libXtst.so.6.1.0
7f4da95b3000-7f4da95bc000 r-xp 00000000 08:08 3802783                    /usr/lib/libXrender.so.1.3.0
7f4da95bc000-7f4da97bb000 ---p 00009000 08:08 3802783                    /usr/lib/libXrender.so.1.3.0
7f4da97bb000-7f4da97bc000 r--p 00008000 08:08 3802783                    /usr/lib/libXrender.so.1.3.0
7f4da97bc000-7f4da97bd000 rw-p 00009000 08:08 3802783                    /usr/lib/libXrender.so.1.3.0
7f4da97bd000-7f4da98ee000 r-xp 00000000 08:08 3802746                    /usr/lib/libX11.so.6.3.0
7f4da98ee000-7f4da9aee000 ---p 00131000 08:08 3802746                    /usr/lib/libX11.so.6.3.0
7f4da9aee000-7f4da9aef000 r--p 00131000 08:08 3802746                    /usr/lib/libX11.so.6.3.0
7f4da9aef000-7f4da9af3000 rw-p 00132000 08:08 3802746                    /usr/lib/libX11.so.6.3.0
7f4da9af3000-7f4da9b04000 r-xp 00000000 08:08 3802761                    /usr/lib/libXext.so.6.4.0
7f4da9b04000-7f4da9d03000 ---p 00011000 08:08 3802761                    /usr/lib/libXext.so.6.4.0
7f4da9d03000-7f4da9d04000 r--p 00010000 08:08 3802761                    /usr/lib/libXext.so.6.4.0
7f4da9d04000-7f4da9d05000 rw-p 00011000 08:08 3802761                    /usr/lib/libXext.so.6.4.0
7f4da9d05000-7f4da9d06000 r--s 00000000 08:08 6029361                    /var/cache/fontconfig/0d8c3b2ac0904cb8a57a757ad11a4a08-le64.cache-3
7f4da9d06000-7f4da9d07000 r--s 00000000 08:08 6029374                    /var/cache/fontconfig/6a53c69dea097a2d716e069445527da8-le64.cache-3
7f4da9d07000-7f4da9d08000 r--s 00000000 08:08 6030949                    /var/cache/fontconfig/4794a0821666d79190d59a36cb4f44b5-le64.cache-3
7f4da9d08000-7f4da9d18000 r--s 00000000 08:08 6030950                    /var/cache/fontconfig/0f34bcd4b6ee430af32735b75db7f02b-le64.cache-3
7f4da9d18000-7f4da9d22000 r--s 00000000 08:08 6029392                    /var/cache/fontconfig/d52a8644073d54c13679302ca1180695-le64.cache-3
7f4da9d22000-7f4da9d6e000 r-xp 00000000 08:08 3804065                    /usr/lib/jvm/java-6-openjdk/jre/lib/amd64/xawt/libmawt.so
7f4da9d6e000-7f4da9f6e000 ---p 0004c000 08:08 3804065                    /usr/lib/jvm/java-6-openjdk/jre/lib/amd64/xawt/libmawt.so
7f4da9f6e000-7f4da9f6f000 r--p 0004c000 08:08 3804065                    /usr/lib/jvm/java-6-openjdk/jre/lib/amd64/xawt/libmawt.so
7f4da9f6f000-7f4da9f72000 rw-p 0004d000 08:08 3804065                    /usr/lib/jvm/java-6-openjdk/jre/lib/amd64/xawt/libmawt.so
7f4da9f72000-7f4da9f73000 rw-p 00000000 00:00 0 
7f4da9f73000-7f4daa015000 r-xp 00000000 08:08 3808869                    /usr/lib/jvm/java-6-openjdk/jre/lib/amd64/libawt.so
7f4daa015000-7f4daa214000 ---p 000a2000 08:08 3808869                    /usr/lib/jvm/java-6-openjdk/jre/lib/amd64/libawt.so
7f4daa214000-7f4daa215000 r--p 000a1000 08:08 3808869                    /usr/lib/jvm/java-6-openjdk/jre/lib/amd64/libawt.so
7f4daa215000-7f4daa220000 rw-p 000a2000 08:08 3808869                    /usr/lib/jvm/java-6-openjdk/jre/lib/amd64/libawt.so
7f4daa220000-7f4daa245000 rw-p 00000000 00:00 0 
7f4daa245000-7f4daa24d000 r-xp 00000000 08:08 3804030                    /usr/lib/jvm/java-6-openjdk/jre/lib/amd64/libnio.so
7f4daa24d000-7f4daa44c000 ---p 00008000 08:08 3804030                    /usr/lib/jvm/java-6-openjdk/jre/lib/amd64/libnio.so
7f4daa44c000-7f4daa44d000 r--p 00007000 08:08 3804030                    /usr/lib/jvm/java-6-openjdk/jre/lib/amd64/libnio.so
7f4daa44d000-7f4daa44e000 rw-p 00008000 08:08 3804030                    /usr/lib/jvm/java-6-openjdk/jre/lib/amd64/libnio.so
7f4daa44e000-7f4daa463000 r-xp 00000000 08:08 3804040                    /usr/lib/jvm/java-6-openjdk/jre/lib/amd64/libnet.so
7f4daa463000-7f4daa662000 ---p 00015000 08:08 3804040                    /usr/lib/jvm/java-6-openjdk/jre/lib/amd64/libnet.so
7f4daa662000-7f4daa663000 r--p 00014000 08:08 3804040                    /usr/lib/jvm/java-6-openjdk/jre/lib/amd64/libnet.so
7f4daa663000-7f4daa664000 rw-p 00015000 08:08 3804040                    /usr/lib/jvm/java-6-openjdk/jre/lib/amd64/libnet.so
7f4daa664000-7f4daa667000 ---p 00000000 00:00 0 
7f4daa667000-7f4daa765000 rw-p 00000000 00:00 0 
7f4daa765000-7f4daa766000 r-xp 00000000 08:08 7476497                    /home/kireev/idea-IC-111.277/bin/libbreakgen64.so
7f4daa766000-7f4daa965000 ---p 00001000 08:08 7476497                    /home/kireev/idea-IC-111.277/bin/libbreakgen64.so
7f4daa965000-7f4daa966000 r--p 00000000 08:08 7476497                    /home/kireev/idea-IC-111.277/bin/libbreakgen64.so
7f4daa966000-7f4daa967000 rw-p 00001000 08:08 7476497                    /home/kireev/idea-IC-111.277/bin/libbreakgen64.so
7f4daa967000-7f4daa96b000 r--s 0007c000 08:08 3808853                    /usr/lib/jvm/java-6-openjdk/jre/lib/jsse.jar
7f4daa96b000-7f4daa96d000 r--s 00013000 08:08 7475669                    /home/kireev/idea-IC-111.277/lib/idea_rt.jar
7f4daa96d000-7f4daa995000 r--s 0023f000 08:08 7474851                    /home/kireev/Terasology/libs/trove-3.0.0.jar
7f4daa995000-7f4daa99f000 r--s 0009a000 08:08 7474849                    /home/kireev/Terasology/libs/slick.jar
7f4daa99f000-7f4daa9fa000 r--s 00583000 08:08 7475197                    /home/kireev/Terasology/libs/groovy-all-1.8.2.jar
7f4daa9fa000-7f4daaa19000 r--s 0014f000 08:08 7473830                    /home/kireev/Terasology/libs/mockito-all-1.9.0.jar
7f4daaa19000-7f4daaa1d000 r--s 00027000 08:08 7474845                    /home/kireev/Terasology/libs/lwjgl_util.jar
7f4daaa1d000-7f4daaa24000 r--s 00037000 08:08 7474132                    /home/kireev/Terasology/libs/junit-4.10.jar
7f4daaa24000-7f4daaa29000 r--s 00030000 08:08 7474840                    /home/kireev/Terasology/libs/jinput.jar
7f4daaa29000-7f4daaa2a000 r--s 00002000 08:08 7475196                    /home/kireev/Terasology/libs/annotations.jar
7f4daaa2a000-7f4daaa2d000 r--s 00017000 08:08 7475201                    /home/kireev/Terasology/libs/slick-util.jar
7f4daaa2d000-7f4daaa2f000 r--s 00000000 08:08 7475195                    /home/kireev/Terasology/libs/AppleJavaExtensions.jar
7f4daaa2f000-7f4daaa3c000 r--s 000d5000 08:08 7474844                    /home/kireev/Terasology/libs/lwjgl.jar
7f4daaa3c000-7f4daaa47000 r--s 000a1000 08:08 7474129                    /home/kireev/Terasology/libs/jbullet.jar
7f4daaa47000-7f4daaa48000 r--s 00001000 08:08 7474846                    /home/kireev/Terasology/libs/lzma.jar
7f4daaa48000-7f4daaa49000 r--s 00001000 08:08 7475198                    /home/kireev/Terasology/libs/jogg-0.0.7.jar
7f4daaa49000-7f4daaa4b000 r--s 0003c000 08:08 7474852                    /home/kireev/Terasology/libs/vecmath.jar
7f4daaa4b000-7f4daaa4d000 r--s 0000d000 08:08 7475200                    /home/kireev/Terasology/libs/jorbis-0.0.15.jar
7f4daaa4d000-7f4daaa7d000 r--s 0021b000 08:08 5113256                    /usr/lib/jvm/java-6-openjdk/lib/sa-jdi.jar
7f4daaa7d000-7f4daaadc000 r--s 00d86000 08:08 5113265                    /usr/lib/jvm/java-6-openjdk/lib/tools.jar
7f4daaadc000-7f4daaadd000 ---p 00000000 00:00 0 
7f4daaadd000-7f4daabdd000 rw-p 00000000 00:00 0 
7f4daabdd000-7f4daabe0000 ---p 00000000 00:00 0 
7f4daabe0000-7f4daacde000 rw-p 00000000 00:00 0 
7f4daacde000-7f4daace1000 ---p 00000000 00:00 0 
7f4daace1000-7f4daaddf000 rw-p 00000000 00:00 0 
7f4daaddf000-7f4daade2000 ---p 00000000 00:00 0 
7f4daade2000-7f4daaee0000 rw-p 00000000 00:00 0 
7f4daaee0000-7f4daaee3000 ---p 00000000 00:00 0 
7f4daaee3000-7f4daafe1000 rw-p 00000000 00:00 0 
7f4daafe1000-7f4dab020000 r--p 00000000 08:08 3808138                    /usr/lib/locale/ru_RU.utf8/LC_CTYPE
7f4dab020000-7f4dab023000 ---p 00000000 00:00 0 
7f4dab023000-7f4dab121000 rw-p 00000000 00:00 0 
7f4dab121000-7f4dab124000 ---p 00000000 00:00 0 
7f4dab124000-7f4dab222000 rw-p 00000000 00:00 0 
7f4dab222000-7f4dab223000 ---p 00000000 00:00 0 
7f4dab223000-7f4dab828000 rw-p 00000000 00:00 0 
7f4dab828000-7f4dab82a000 r--s 0001d000 08:08 3808858                    /usr/lib/jvm/java-6-openjdk/jre/lib/plugin.jar
7f4dab82a000-7f4dab82f000 r--s 00044000 08:08 3808857                    /usr/lib/jvm/java-6-openjdk/jre/lib/netx.jar
7f4dab82f000-7f4dab862000 rw-p 00000000 00:00 0 
7f4dab862000-7f4dab9f1000 r--s 038c2000 08:08 3808878                    /usr/lib/jvm/java-6-openjdk/jre/lib/rt.jar
7f4dab9f1000-7f4daba19000 rw-p 00000000 00:00 0 
7f4daba19000-7f4daba1a000 ---p 00000000 00:00 0 
7f4daba1a000-7f4dabb1a000 rw-p 00000000 00:00 0 
7f4dabb1a000-7f4dabb1b000 ---p 00000000 00:00 0 
7f4dabb1b000-7f4dabc1b000 rw-p 00000000 00:00 0 
7f4dabc1b000-7f4dabc1c000 ---p 00000000 00:00 0 
7f4dabc1c000-7f4dabd1c000 rw-p 00000000 00:00 0 
7f4dabd1c000-7f4dabd1d000 ---p 00000000 00:00 0 
7f4dabd1d000-7f4dabe2a000 rw-p 00000000 00:00 0 
7f4dabe2a000-7f4dabe70000 rw-p 00000000 00:00 0 
7f4dabe70000-7f4dabe84000 rw-p 00000000 00:00 0 
7f4dabe84000-7f4dabfa6000 rw-p 00000000 00:00 0 
7f4dabfa6000-7f4dabfb3000 rw-p 00000000 00:00 0 
7f4dabfb3000-7f4dabff9000 rw-p 00000000 00:00 0 
7f4dabff9000-7f4dac00d000 rw-p 00000000 00:00 0 
7f4dac00d000-7f4dac12e000 rw-p 00000000 00:00 0 
7f4dac12e000-7f4dac1c9000 rw-p 00000000 00:00 0 
7f4dac1c9000-7f4dac1ca000 rw-p 00000000 00:00 0 
7f4dac1ca000-7f4dac53a000 rwxp 00000000 00:00 0 
7f4dac53a000-7f4daf1ca000 rw-p 00000000 00:00 0 
7f4daf1ca000-7f4daf1d1000 r-xp 00000000 08:08 3808864                    /usr/lib/jvm/java-6-openjdk/jre/lib/amd64/libzip.so
7f4daf1d1000-7f4daf3d0000 ---p 00007000 08:08 3808864                    /usr/lib/jvm/java-6-openjdk/jre/lib/amd64/libzip.so
7f4daf3d0000-7f4daf3d1000 r--p 00006000 08:08 3808864                    /usr/lib/jvm/java-6-openjdk/jre/lib/amd64/libzip.so
7f4daf3d1000-7f4daf3d2000 rw-p 00007000 08:08 3808864                    /usr/lib/jvm/java-6-openjdk/jre/lib/amd64/libzip.so
7f4daf3d2000-7f4daf3de000 r-xp 00000000 08:08 265975                     /lib/libnss_files-2.11.1.so
7f4daf3de000-7f4daf5dd000 ---p 0000c000 08:08 265975                     /lib/libnss_files-2.11.1.so
7f4daf5dd000-7f4daf5de000 r--p 0000b000 08:08 265975                     /lib/libnss_files-2.11.1.so
7f4daf5de000-7f4daf5df000 rw-p 0000c000 08:08 265975                     /lib/libnss_files-2.11.1.so
7f4daf5df000-7f4daf5e9000 r-xp 00000000 08:08 265965                     /lib/libnss_nis-2.11.1.so
7f4daf5e9000-7f4daf7e8000 ---p 0000a000 08:08 265965                     /lib/libnss_nis-2.11.1.so
7f4daf7e8000-7f4daf7e9000 r--p 00009000 08:08 265965                     /lib/libnss_nis-2.11.1.so
7f4daf7e9000-7f4daf7ea000 rw-p 0000a000 08:08 265965                     /lib/libnss_nis-2.11.1.so
7f4daf7ea000-7f4daf7f2000 r-xp 00000000 08:08 265964                     /lib/libnss_compat-2.11.1.so
7f4daf7f2000-7f4daf9f1000 ---p 00008000 08:08 265964                     /lib/libnss_compat-2.11.1.so
7f4daf9f1000-7f4daf9f2000 r--p 00007000 08:08 265964                     /lib/libnss_compat-2.11.1.so
7f4daf9f2000-7f4daf9f3000 rw-p 00008000 08:08 265964                     /lib/libnss_compat-2.11.1.so
7f4daf9f3000-7f4daf9fb000 r-xp 00000000 08:08 3808873                    /usr/lib/jvm/java-6-openjdk/jre/lib/amd64/native_threads/libhpi.so
7f4daf9fb000-7f4dafbfa000 ---p 00008000 08:08 3808873                    /usr/lib/jvm/java-6-openjdk/jre/lib/amd64/native_threads/libhpi.so
7f4dafbfa000-7f4dafbfb000 r--p 00007000 08:08 3808873                    /usr/lib/jvm/java-6-openjdk/jre/lib/amd64/native_threads/libhpi.so
7f4dafbfb000-7f4dafbfc000 rw-p 00008000 08:08 3808873                    /usr/lib/jvm/java-6-openjdk/jre/lib/amd64/native_threads/libhpi.so
7f4dafbfc000-7f4dafc13000 r-xp 00000000 08:08 265956                     /lib/libnsl-2.11.1.so
7f4dafc13000-7f4dafe12000 ---p 00017000 08:08 265956                     /lib/libnsl-2.11.1.so
7f4dafe12000-7f4dafe13000 r--p 00016000 08:08 265956                     /lib/libnsl-2.11.1.so
7f4dafe13000-7f4dafe14000 rw-p 00017000 08:08 265956                     /lib/libnsl-2.11.1.so
7f4dafe14000-7f4dafe16000 rw-p 00000000 00:00 0 
7f4dafe16000-7f4dafe43000 r-xp 00000000 08:08 3804057                    /usr/lib/jvm/java-6-openjdk/jre/lib/amd64/libjava.so
7f4dafe43000-7f4db0042000 ---p 0002d000 08:08 3804057                    /usr/lib/jvm/java-6-openjdk/jre/lib/amd64/libjava.so
7f4db0042000-7f4db0043000 r--p 0002c000 08:08 3804057                    /usr/lib/jvm/java-6-openjdk/jre/lib/amd64/libjava.so
7f4db0043000-7f4db0046000 rw-p 0002d000 08:08 3804057                    /usr/lib/jvm/java-6-openjdk/jre/lib/amd64/libjava.so
7f4db0046000-7f4db0055000 r-xp 00000000 08:08 3804039                    /usr/lib/jvm/java-6-openjdk/jre/lib/amd64/libverify.so
7f4db0055000-7f4db0254000 ---p 0000f000 08:08 3804039                    /usr/lib/jvm/java-6-openjdk/jre/lib/amd64/libverify.so
7f4db0254000-7f4db0256000 r--p 0000e000 08:08 3804039                    /usr/lib/jvm/java-6-openjdk/jre/lib/amd64/libverify.so
7f4db0256000-7f4db0257000 rw-p 00010000 08:08 3804039                    /usr/lib/jvm/java-6-openjdk/jre/lib/amd64/libverify.so
7f4db0257000-7f4db025e000 r-xp 00000000 08:08 265960                     /lib/librt-2.11.1.so
7f4db025e000-7f4db045d000 ---p 00007000 08:08 265960                     /lib/librt-2.11.1.so
7f4db045d000-7f4db045e000 r--p 00006000 08:08 265960                     /lib/librt-2.11.1.so
7f4db045e000-7f4db045f000 rw-p 00007000 08:08 265960                     /lib/librt-2.11.1.so
7f4db045f000-7f4db04e1000 r-xp 00000000 08:08 262167                     /lib/libm-2.11.1.so
7f4db04e1000-7f4db06e0000 ---p 00082000 08:08 262167                     /lib/libm-2.11.1.so
7f4db06e0000-7f4db06e1000 r--p 00081000 08:08 262167                     /lib/libm-2.11.1.so
7f4db06e1000-7f4db06e2000 rw-p 00082000 08:08 262167                     /lib/libm-2.11.1.so
7f4db06e2000-7f4db0f68000 r-xp 00000000 08:08 3808866                    /usr/lib/jvm/java-6-openjdk/jre/lib/amd64/server/libjvm.so
7f4db0f68000-7f4db1167000 ---p 00886000 08:08 3808866                    /usr/lib/jvm/java-6-openjdk/jre/lib/amd64/server/libjvm.so
7f4db1167000-7f4db11dd000 r--p 00885000 08:08 3808866                    /usr/lib/jvm/java-6-openjdk/jre/lib/amd64/server/libjvm.so
7f4db11dd000-7f4db11f8000 rw-p 008fb000 08:08 3808866                    /usr/lib/jvm/java-6-openjdk/jre/lib/amd64/server/libjvm.so
7f4db11f8000-7f4db1231000 rw-p 00000000 00:00 0 
7f4db1231000-7f4db13ab000 r-xp 00000000 08:08 265972                     /lib/libc-2.11.1.so
7f4db13ab000-7f4db15aa000 ---p 0017a000 08:08 265972                     /lib/libc-2.11.1.so
7f4db15aa000-7f4db15ae000 r--p 00179000 08:08 265972                     /lib/libc-2.11.1.so
7f4db15ae000-7f4db15af000 rw-p 0017d000 08:08 265972                     /lib/libc-2.11.1.so
7f4db15af000-7f4db15b4000 rw-p 00000000 00:00 0 
7f4db15b4000-7f4db15b6000 r-xp 00000000 08:08 265976                     /lib/libdl-2.11.1.so
7f4db15b6000-7f4db17b6000 ---p 00002000 08:08 265976                     /lib/libdl-2.11.1.so
7f4db17b6000-7f4db17b7000 r--p 00002000 08:08 265976                     /lib/libdl-2.11.1.so
7f4db17b7000-7f4db17b8000 rw-p 00003000 08:08 265976                     /lib/libdl-2.11.1.so
7f4db17b8000-7f4db17bc000 r-xp 00000000 08:08 3804037                    /usr/lib/jvm/java-6-openjdk/jre/lib/amd64/jli/libjli.so
7f4db17bc000-7f4db19bb000 ---p 00004000 08:08 3804037                    /usr/lib/jvm/java-6-openjdk/jre/lib/amd64/jli/libjli.so
7f4db19bb000-7f4db19bc000 r--p 00003000 08:08 3804037                    /usr/lib/jvm/java-6-openjdk/jre/lib/amd64/jli/libjli.so
7f4db19bc000-7f4db19bd000 rw-p 00004000 08:08 3804037                    /usr/lib/jvm/java-6-openjdk/jre/lib/amd64/jli/libjli.so
7f4db19bd000-7f4db19d5000 r-xp 00000000 08:08 265970                     /lib/libpthread-2.11.1.so
7f4db19d5000-7f4db1bd4000 ---p 00018000 08:08 265970                     /lib/libpthread-2.11.1.so
7f4db1bd4000-7f4db1bd5000 r--p 00017000 08:08 265970                     /lib/libpthread-2.11.1.so
7f4db1bd5000-7f4db1bd6000 rw-p 00018000 08:08 265970                     /lib/libpthread-2.11.1.so
7f4db1bd6000-7f4db1bda000 rw-p 00000000 00:00 0 
7f4db1bda000-7f4db1bf0000 r-xp 00000000 08:08 262338                     /lib/libz.so.1.2.3.3
7f4db1bf0000-7f4db1def000 ---p 00016000 08:08 262338                     /lib/libz.so.1.2.3.3
7f4db1def000-7f4db1df0000 r--p 00015000 08:08 262338                     /lib/libz.so.1.2.3.3
7f4db1df0000-7f4db1df1000 rw-p 00016000 08:08 262338                     /lib/libz.so.1.2.3.3
7f4db1df1000-7f4db1e11000 r-xp 00000000 08:08 265957                     /lib/ld-2.11.1.so
7f4db1e11000-7f4db1e14000 r--s 00000000 08:08 6029393                    /var/cache/fontconfig/d60319d88cac85ba9e1a07bd06cfbb8c-le64.cache-3
7f4db1e14000-7f4db1e15000 r--s 00000000 08:08 6030949                    /var/cache/fontconfig/4794a0821666d79190d59a36cb4f44b5-le64.cache-3
7f4db1e15000-7f4db1e18000 r--s 00000000 08:08 6029397                    /var/cache/fontconfig/e13b20fdb08344e0e664864cc2ede53d-le64.cache-3
7f4db1e18000-7f4db1e1c000 r--s 00000000 08:08 6035997                    /var/cache/fontconfig/7ef2298fde41cc6eeb7af42e48b7d293-le64.cache-3
7f4db1e1c000-7f4db1e1f000 r--s 00077000 08:08 3808839                    /usr/lib/jvm/java-6-openjdk/jre/lib/ext/localedata.jar
7f4db1e1f000-7f4db1e25000 r--s 0001f000 08:08 5113269                    /usr/lib/jvm/java-6-openjdk/lib/dt.jar
7f4db1e25000-7f4db1e2b000 r--s 00065000 08:08 5113257                    /usr/lib/jvm/java-6-openjdk/lib/jconsole.jar
7f4db1e2b000-7f4db1e39000 rw-p 00000000 00:00 0 
7f4db1e39000-7f4db1eeb000 rw-p 00000000 00:00 0 
7f4db1eeb000-7f4db1eee000 ---p 00000000 00:00 0 
7f4db1eee000-7f4db1ff1000 rw-p 00000000 00:00 0                          [threadstack:000fcff0]
7f4db1ff1000-7f4db1ffa000 r--s 00065000 08:08 3963249                    /usr/share/java/gnome-java-bridge.jar
7f4db1ffa000-7f4db1ffd000 r--s 0000f000 08:08 3808842                    /usr/lib/jvm/java-6-openjdk/jre/lib/ext/pulse-java.jar
7f4db1ffd000-7f4db2004000 r--s 00000000 08:08 3808522                    /usr/lib/gconv/gconv-modules.cache
7f4db2004000-7f4db200c000 rw-s 00000000 08:08 3145809                    /tmp/hsperfdata_kireev/6827
7f4db200c000-7f4db200d000 rw-p 00000000 00:00 0 
7f4db200d000-7f4db200e000 r--p 00000000 00:00 0 
7f4db200e000-7f4db2010000 rw-p 00000000 00:00 0 
7f4db2010000-7f4db2011000 r--p 0001f000 08:08 265957                     /lib/ld-2.11.1.so
7f4db2011000-7f4db2012000 rw-p 00020000 08:08 265957                     /lib/ld-2.11.1.so
7f4db2012000-7f4db2013000 rw-p 00000000 00:00 0 
7fffba340000-7fffba356000 rw-p 00000000 00:00 0                          [stack]
7fffba3a3000-7fffba3a4000 r-xp 00000000 00:00 0                          [vdso]
ffffffffff600000-ffffffffff601000 r-xp 00000000 00:00 0                  [vsyscall]

VM Arguments:
jvm_args: -Djava.library.path=natives\linux -Didea.launcher.port=7534 -Didea.launcher.bin.path=/home/kireev/idea-IC-111.277/bin -Dfile.encoding=UTF-8 
java_command: com.intellij.rt.execution.application.AppMain org.terasology.game.Terasology
Launcher Type: SUN_STANDARD

Environment Variables:
CLASSPATH=../lib/bootstrap.jar:../lib/util.jar:../lib/jdom.jar:../lib/log4j.jar:../lib/extensions.jar:../lib/trove4j.jar:../lib/jna.jar:/usr/lib/jvm/java-6-openjdk/lib/tools.jar:
PATH=/usr/local/sbin:/usr/local/bin:/usr/sbin:/usr/bin:/sbin:/bin:/usr/games
LD_LIBRARY_PATH=/usr/lib/jvm/java-6-openjdk/jre/lib/amd64/server:/usr/lib/jvm/java-6-openjdk/jre/lib/amd64:/usr/lib/jvm/java-6-openjdk/jre/../lib/amd64:.:
SHELL=/bin/bash
DISPLAY=:0.0

Signal Handlers:
SIGSEGV: [libjvm.so+0x723ff0], sa_mask[0]=0x7ffbfeff, sa_flags=0x10000004
SIGBUS: [libjvm.so+0x723ff0], sa_mask[0]=0x7ffbfeff, sa_flags=0x10000004
SIGFPE: [libjvm.so+0x5e0820], sa_mask[0]=0x7ffbfeff, sa_flags=0x10000004
SIGPIPE: [libjvm.so+0x5e0820], sa_mask[0]=0x7ffbfeff, sa_flags=0x10000004
SIGXFSZ: [libjvm.so+0x5e0820], sa_mask[0]=0x7ffbfeff, sa_flags=0x10000004
SIGILL: [libjvm.so+0x5e0820], sa_mask[0]=0x7ffbfeff, sa_flags=0x10000004
SIGUSR1: SIG_DFL, sa_mask[0]=0x00000000, sa_flags=0x00000000
SIGUSR2: [libjvm.so+0x5dff30], sa_mask[0]=0x00000004, sa_flags=0x10000004
SIGHUP: [libjvm.so+0x5e29a0], sa_mask[0]=0x7ffbfeff, sa_flags=0x10000004
SIGINT: [libjvm.so+0x5e29a0], sa_mask[0]=0x7ffbfeff, sa_flags=0x10000004
SIGTERM: [libjvm.so+0x5e29a0], sa_mask[0]=0x7ffbfeff, sa_flags=0x10000004
SIGQUIT: [libjvm.so+0x5e29a0], sa_mask[0]=0x7ffbfeff, sa_flags=0x10000004


---------------  S Y S T E M  ---------------

OS:Ubuntu 10.04 (lucid)
uname:Linux 2.6.32-21-generic #32-Ubuntu SMP Fri Apr 16 08:09:38 UTC 2010 x86_64
libc:glibc 2.11.1 NPTL 2.11.1 
rlimit: STACK 8192k, CORE 0k, NPROC infinity, NOFILE 1024, AS infinity
load average:1.43 1.37 1.04

/proc/meminfo:
MemTotal:        3795536 kB
MemFree:           42608 kB
Buffers:            2308 kB
Cached:           393204 kB
SwapCached:        22796 kB
Active:          2741104 kB
Inactive:         715512 kB
Active(anon):    2659988 kB
Inactive(anon):   633556 kB
Active(file):      81116 kB
Inactive(file):    81956 kB
Unevictable:           0 kB
Mlocked:               0 kB
SwapTotal:       6468600 kB
SwapFree:        6147896 kB
Dirty:                28 kB
Writeback:             8 kB
AnonPages:       3041408 kB
Mapped:           132924 kB
Shmem:            232400 kB
Slab:             109612 kB
SReclaimable:      59824 kB
SUnreclaim:        49788 kB
KernelStack:        4992 kB
PageTables:        53312 kB
NFS_Unstable:          0 kB
Bounce:                0 kB
WritebackTmp:          0 kB
CommitLimit:     8366368 kB
Committed_AS:    6219228 kB
VmallocTotal:   34359738367 kB
VmallocUsed:      390412 kB
VmallocChunk:   34359253876 kB
HardwareCorrupted:     0 kB
HugePages_Total:       0
HugePages_Free:        0
HugePages_Rsvd:        0
HugePages_Surp:        0
Hugepagesize:       2048 kB
DirectMap4k:       10112 kB
DirectMap2M:     3917824 kB


CPU:total 4 (2 cores per cpu, 2 threads per core) family 6 model 37 stepping 2, cmov, cx8, fxsr, mmx, sse, sse2, sse3, ssse3, sse4.1, sse4.2, popcnt, ht

Memory: 4k page, physical 3795536k(42608k free), swap 6468600k(6147896k free)

vm_info: OpenJDK 64-Bit Server VM (19.0-b09) for linux-amd64 JRE (1.6.0_20-b20), built on Feb 23 2011 19:02:00 by "buildd" with gcc 4.4.3

time: Mon Mar  5 12:01:59 2012
elapsed time: 11 seconds

